[7/13/2024 1:24:11 AM]2024-07-13 INFO NexusConnectCRM.Controllers.HomeController.NexusConnectCRM.Controllers.HomeController.Index [14] - MESSAGE: Home page loaded.

[7/13/2024 1:24:11 AM]2024-07-13 INFO NexusConnectCRM.Controllers.HomeController.NexusConnectCRM.Controllers.HomeController.Index [14] - MESSAGE: Home page loaded.

[7/13/2024 1:25:32 AM] INFO NexusConnectCRM.Controllers.HomeController.NexusConnectCRM.Controllers.HomeController.Index [14] - MESSAGE: Home page loaded.

[7/13/2024 1:27:17 AM] (INFO) - Home page loaded.

[7/13/2024 1:28:46 AM] (INFO) - Home page loaded.

[7/13/2024 1:28:46 AM] (INFO) - Contact form submitted successfully.

[7/13/2024 1:28:46 AM] (INFO) - Home page loaded.

[7/13/2024 1:30:35 AM] (INFO) - Home page loaded.

[7/13/2024 1:36:36 AM] (INFO) - Home page loaded.

[7/13/2024 1:36:36 AM] (WARN) - This user has already signed up for the newsletter. User: asanderson1994s@gmail.com

[7/13/2024 1:36:36 AM] (INFO) - Home page loaded.

[7/13/2024 1:36:36 AM] (INFO) - Home page loaded.

[7/13/2024 1:36:36 AM] (INFO) - Home page loaded.

[7/13/2024 1:36:36 AM] (WARN) - This user has already signed up for the newsletter. User: asanderson1994s@gmail.com

[7/13/2024 1:36:36 AM] (INFO) - Home page loaded.

[7/13/2024 1:42:42 AM] (INFO) - User signed up for the newsletter. Email: testemail38475@gmail.com

[7/13/2024 1:42:42 AM] (INFO) - Newsletter sign up successful. Email: testemail38475@gmail.com

[7/13/2024 1:42:42 AM] (INFO) - Newsletter sign up email sent successfully.

[7/13/2024 1:42:42 AM] (INFO) - User signed up for the newsletter. Email: testemail38475@gmail.com

[7/13/2024 1:42:42 AM] (INFO) - Newsletter sign up successful. Email: testemail38475@gmail.com

[7/13/2024 1:42:42 AM] (INFO) - Newsletter sign up email sent successfully.

