[7/13/2024 1:18:05 AM] DEBUG Context 'ApplicationDbContext' started tracking 'HelpInfo' entity. Consider using 'DbContextOptionsBuilder.EnableSensitiveDataLogging' to see key values.
[7/13/2024 1:18:05 AM] DEBUG 'ApplicationDbContext' generated a temporary value for the property 'HelpInfo.Id'. Consider using 'DbContextOptionsBuilder.EnableSensitiveDataLogging' to see key values.
[7/13/2024 1:18:05 AM] DEBUG Context 'ApplicationDbContext' started tracking 'HelpInfo' entity. Consider using 'DbContextOptionsBuilder.EnableSensitiveDataLogging' to see key values.
[7/13/2024 1:18:05 AM] DEBUG 'ApplicationDbContext' generated a temporary value for the property 'HelpInfo.Id'. Consider using 'DbContextOptionsBuilder.EnableSensitiveDataLogging' to see key values.
[7/13/2024 1:18:05 AM] DEBUG Context 'ApplicationDbContext' started tracking 'HelpInfo' entity. Consider using 'DbContextOptionsBuilder.EnableSensitiveDataLogging' to see key values.
[7/13/2024 1:18:05 AM] DEBUG 'ApplicationDbContext' generated a temporary value for the property 'HelpInfo.Id'. Consider using 'DbContextOptionsBuilder.EnableSensitiveDataLogging' to see key values.
[7/13/2024 1:18:05 AM] DEBUG Context 'ApplicationDbContext' started tracking 'HelpInfo' entity. Consider using 'DbContextOptionsBuilder.EnableSensitiveDataLogging' to see key values.
[7/13/2024 1:18:05 AM] DEBUG 'ApplicationDbContext' generated a temporary value for the property 'HelpInfo.Id'. Consider using 'DbContextOptionsBuilder.EnableSensitiveDataLogging' to see key values.
[7/13/2024 1:18:05 AM] DEBUG Context 'ApplicationDbContext' started tracking 'HelpInfo' entity. Consider using 'DbContextOptionsBuilder.EnableSensitiveDataLogging' to see key values.
[7/13/2024 1:18:05 AM] DEBUG 'ApplicationDbContext' generated a temporary value for the property 'HelpInfo.Id'. Consider using 'DbContextOptionsBuilder.EnableSensitiveDataLogging' to see key values.
[7/13/2024 1:18:05 AM] DEBUG Context 'ApplicationDbContext' started tracking 'HelpInfo' entity. Consider using 'DbContextOptionsBuilder.EnableSensitiveDataLogging' to see key values.
[7/13/2024 1:18:05 AM] DEBUG 'ApplicationDbContext' generated a temporary value for the property 'HelpInfo.Id'. Consider using 'DbContextOptionsBuilder.EnableSensitiveDataLogging' to see key values.
[7/13/2024 1:18:05 AM] DEBUG Context 'ApplicationDbContext' started tracking 'HelpInfo' entity. Consider using 'DbContextOptionsBuilder.EnableSensitiveDataLogging' to see key values.
[7/13/2024 1:18:05 AM] DEBUG 'ApplicationDbContext' generated a temporary value for the property 'HelpInfo.Id'. Consider using 'DbContextOptionsBuilder.EnableSensitiveDataLogging' to see key values.
[7/13/2024 1:18:05 AM] DEBUG Context 'ApplicationDbContext' started tracking 'HelpInfo' entity. Consider using 'DbContextOptionsBuilder.EnableSensitiveDataLogging' to see key values.
[7/13/2024 1:18:05 AM] DEBUG 'ApplicationDbContext' generated a temporary value for the property 'HelpInfo.Id'. Consider using 'DbContextOptionsBuilder.EnableSensitiveDataLogging' to see key values.
[7/13/2024 1:18:05 AM] DEBUG Context 'ApplicationDbContext' started tracking 'HelpInfo' entity. Consider using 'DbContextOptionsBuilder.EnableSensitiveDataLogging' to see key values.
[7/13/2024 1:18:05 AM] DEBUG 'ApplicationDbContext' generated a temporary value for the property 'HelpInfo.Id'. Consider using 'DbContextOptionsBuilder.EnableSensitiveDataLogging' to see key values.
[7/13/2024 1:18:05 AM] DEBUG Context 'ApplicationDbContext' started tracking 'HelpInfo' entity. Consider using 'DbContextOptionsBuilder.EnableSensitiveDataLogging' to see key values.
[7/13/2024 1:18:05 AM] DEBUG 'ApplicationDbContext' generated a temporary value for the property 'HelpInfo.Id'. Consider using 'DbContextOptionsBuilder.EnableSensitiveDataLogging' to see key values.
[7/13/2024 1:18:05 AM] DEBUG Context 'ApplicationDbContext' started tracking 'HelpInfo' entity. Consider using 'DbContextOptionsBuilder.EnableSensitiveDataLogging' to see key values.
[7/13/2024 1:18:05 AM] DEBUG 'ApplicationDbContext' generated a temporary value for the property 'HelpInfo.Id'. Consider using 'DbContextOptionsBuilder.EnableSensitiveDataLogging' to see key values.
[7/13/2024 1:18:05 AM] DEBUG Context 'ApplicationDbContext' started tracking 'HelpInfo' entity. Consider using 'DbContextOptionsBuilder.EnableSensitiveDataLogging' to see key values.
[7/13/2024 1:18:05 AM] DEBUG 'ApplicationDbContext' generated a temporary value for the property 'HelpInfo.Id'. Consider using 'DbContextOptionsBuilder.EnableSensitiveDataLogging' to see key values.
[7/13/2024 1:18:05 AM] DEBUG Context 'ApplicationDbContext' started tracking 'HelpInfo' entity. Consider using 'DbContextOptionsBuilder.EnableSensitiveDataLogging' to see key values.
[7/13/2024 1:18:05 AM] DEBUG 'ApplicationDbContext' generated a temporary value for the property 'HelpInfo.Id'. Consider using 'DbContextOptionsBuilder.EnableSensitiveDataLogging' to see key values.
[7/13/2024 1:18:05 AM] DEBUG Context 'ApplicationDbContext' started tracking 'HelpInfo' entity. Consider using 'DbContextOptionsBuilder.EnableSensitiveDataLogging' to see key values.
[7/13/2024 1:18:05 AM] DEBUG 'ApplicationDbContext' generated a temporary value for the property 'HelpInfo.Id'. Consider using 'DbContextOptionsBuilder.EnableSensitiveDataLogging' to see key values.
[7/13/2024 1:18:05 AM] DEBUG Context 'ApplicationDbContext' started tracking 'HelpInfo' entity. Consider using 'DbContextOptionsBuilder.EnableSensitiveDataLogging' to see key values.
[7/13/2024 1:18:05 AM] DEBUG 'ApplicationDbContext' generated a temporary value for the property 'HelpInfo.Id'. Consider using 'DbContextOptionsBuilder.EnableSensitiveDataLogging' to see key values.
[7/13/2024 1:18:05 AM] DEBUG Context 'ApplicationDbContext' started tracking 'HelpInfo' entity. Consider using 'DbContextOptionsBuilder.EnableSensitiveDataLogging' to see key values.
[7/13/2024 1:18:05 AM] DEBUG 'ApplicationDbContext' generated a temporary value for the property 'HelpInfo.Id'. Consider using 'DbContextOptionsBuilder.EnableSensitiveDataLogging' to see key values.
[7/13/2024 1:18:05 AM] DEBUG Context 'ApplicationDbContext' started tracking 'HelpInfo' entity. Consider using 'DbContextOptionsBuilder.EnableSensitiveDataLogging' to see key values.
[7/13/2024 1:18:05 AM] DEBUG 'ApplicationDbContext' generated a temporary value for the property 'HelpInfo.Id'. Consider using 'DbContextOptionsBuilder.EnableSensitiveDataLogging' to see key values.
[7/13/2024 1:18:05 AM] DEBUG Context 'ApplicationDbContext' started tracking 'HelpInfo' entity. Consider using 'DbContextOptionsBuilder.EnableSensitiveDataLogging' to see key values.
[7/13/2024 1:18:05 AM] DEBUG 'ApplicationDbContext' generated a temporary value for the property 'HelpInfo.Id'. Consider using 'DbContextOptionsBuilder.EnableSensitiveDataLogging' to see key values.
[7/13/2024 1:18:05 AM] DEBUG Context 'ApplicationDbContext' started tracking 'HelpInfo' entity. Consider using 'DbContextOptionsBuilder.EnableSensitiveDataLogging' to see key values.
[7/13/2024 1:18:05 AM] DEBUG 'ApplicationDbContext' generated a temporary value for the property 'HelpInfo.Id'. Consider using 'DbContextOptionsBuilder.EnableSensitiveDataLogging' to see key values.
[7/13/2024 1:18:05 AM] DEBUG Context 'ApplicationDbContext' started tracking 'HelpInfo' entity. Consider using 'DbContextOptionsBuilder.EnableSensitiveDataLogging' to see key values.
[7/13/2024 1:18:05 AM] DEBUG 'ApplicationDbContext' generated a temporary value for the property 'HelpInfo.Id'. Consider using 'DbContextOptionsBuilder.EnableSensitiveDataLogging' to see key values.
[7/13/2024 1:18:05 AM] DEBUG Context 'ApplicationDbContext' started tracking 'HelpInfo' entity. Consider using 'DbContextOptionsBuilder.EnableSensitiveDataLogging' to see key values.
[7/13/2024 1:18:05 AM] DEBUG 'ApplicationDbContext' generated a temporary value for the property 'HelpInfo.Id'. Consider using 'DbContextOptionsBuilder.EnableSensitiveDataLogging' to see key values.
[7/13/2024 1:18:05 AM] DEBUG Context 'ApplicationDbContext' started tracking 'HelpInfo' entity. Consider using 'DbContextOptionsBuilder.EnableSensitiveDataLogging' to see key values.
[7/13/2024 1:18:05 AM] DEBUG 'ApplicationDbContext' generated a temporary value for the property 'HelpInfo.Id'. Consider using 'DbContextOptionsBuilder.EnableSensitiveDataLogging' to see key values.
[7/13/2024 1:18:05 AM] DEBUG Context 'ApplicationDbContext' started tracking 'HelpInfo' entity. Consider using 'DbContextOptionsBuilder.EnableSensitiveDataLogging' to see key values.
[7/13/2024 1:18:05 AM] DEBUG 'ApplicationDbContext' generated a temporary value for the property 'HelpInfo.Id'. Consider using 'DbContextOptionsBuilder.EnableSensitiveDataLogging' to see key values.
[7/13/2024 1:18:05 AM] DEBUG Context 'ApplicationDbContext' started tracking 'HelpInfo' entity. Consider using 'DbContextOptionsBuilder.EnableSensitiveDataLogging' to see key values.
[7/13/2024 1:18:05 AM] DEBUG 'ApplicationDbContext' generated a temporary value for the property 'HelpInfo.Id'. Consider using 'DbContextOptionsBuilder.EnableSensitiveDataLogging' to see key values.
[7/13/2024 1:18:05 AM] DEBUG Context 'ApplicationDbContext' started tracking 'HelpInfo' entity. Consider using 'DbContextOptionsBuilder.EnableSensitiveDataLogging' to see key values.
[7/13/2024 1:18:05 AM] DEBUG 'ApplicationDbContext' generated a temporary value for the property 'HelpInfo.Id'. Consider using 'DbContextOptionsBuilder.EnableSensitiveDataLogging' to see key values.
[7/13/2024 1:18:05 AM] DEBUG Context 'ApplicationDbContext' started tracking 'HelpInfo' entity. Consider using 'DbContextOptionsBuilder.EnableSensitiveDataLogging' to see key values.
[7/13/2024 1:18:05 AM] DEBUG 'ApplicationDbContext' generated a temporary value for the property 'HelpInfo.Id'. Consider using 'DbContextOptionsBuilder.EnableSensitiveDataLogging' to see key values.
[7/13/2024 1:18:05 AM] DEBUG Context 'ApplicationDbContext' started tracking 'HelpInfo' entity. Consider using 'DbContextOptionsBuilder.EnableSensitiveDataLogging' to see key values.
[7/13/2024 1:18:05 AM] DEBUG 'ApplicationDbContext' generated a temporary value for the property 'HelpInfo.Id'. Consider using 'DbContextOptionsBuilder.EnableSensitiveDataLogging' to see key values.
[7/13/2024 1:18:05 AM] DEBUG Context 'ApplicationDbContext' started tracking 'HelpInfo' entity. Consider using 'DbContextOptionsBuilder.EnableSensitiveDataLogging' to see key values.
[7/13/2024 1:18:05 AM] DEBUG 'ApplicationDbContext' generated a temporary value for the property 'HelpInfo.Id'. Consider using 'DbContextOptionsBuilder.EnableSensitiveDataLogging' to see key values.
[7/13/2024 1:18:05 AM] DEBUG Context 'ApplicationDbContext' started tracking 'HelpInfo' entity. Consider using 'DbContextOptionsBuilder.EnableSensitiveDataLogging' to see key values.
[7/13/2024 1:18:05 AM] DEBUG 'ApplicationDbContext' generated a temporary value for the property 'HelpInfo.Id'. Consider using 'DbContextOptionsBuilder.EnableSensitiveDataLogging' to see key values.
[7/13/2024 1:18:05 AM] DEBUG Context 'ApplicationDbContext' started tracking 'HelpInfo' entity. Consider using 'DbContextOptionsBuilder.EnableSensitiveDataLogging' to see key values.
[7/13/2024 1:18:05 AM] DEBUG 'ApplicationDbContext' generated a temporary value for the property 'HelpInfo.Id'. Consider using 'DbContextOptionsBuilder.EnableSensitiveDataLogging' to see key values.
[7/13/2024 1:18:05 AM] DEBUG Context 'ApplicationDbContext' started tracking 'HelpInfo' entity. Consider using 'DbContextOptionsBuilder.EnableSensitiveDataLogging' to see key values.
[7/13/2024 1:18:05 AM] DEBUG 'ApplicationDbContext' generated a temporary value for the property 'HelpInfo.Id'. Consider using 'DbContextOptionsBuilder.EnableSensitiveDataLogging' to see key values.
[7/13/2024 1:18:05 AM] DEBUG Context 'ApplicationDbContext' started tracking 'HelpInfo' entity. Consider using 'DbContextOptionsBuilder.EnableSensitiveDataLogging' to see key values.
[7/13/2024 1:18:05 AM] DEBUG 'ApplicationDbContext' generated a temporary value for the property 'HelpInfo.Id'. Consider using 'DbContextOptionsBuilder.EnableSensitiveDataLogging' to see key values.
[7/13/2024 1:18:05 AM] DEBUG Context 'ApplicationDbContext' started tracking 'HelpInfo' entity. Consider using 'DbContextOptionsBuilder.EnableSensitiveDataLogging' to see key values.
[7/13/2024 1:18:05 AM] DEBUG 'ApplicationDbContext' generated a temporary value for the property 'HelpInfo.Id'. Consider using 'DbContextOptionsBuilder.EnableSensitiveDataLogging' to see key values.
[7/13/2024 1:18:05 AM] DEBUG Context 'ApplicationDbContext' started tracking 'HelpInfo' entity. Consider using 'DbContextOptionsBuilder.EnableSensitiveDataLogging' to see key values.
[7/13/2024 1:18:05 AM] DEBUG 'ApplicationDbContext' generated a temporary value for the property 'HelpInfo.Id'. Consider using 'DbContextOptionsBuilder.EnableSensitiveDataLogging' to see key values.
[7/13/2024 1:18:05 AM] DEBUG Context 'ApplicationDbContext' started tracking 'HelpInfo' entity. Consider using 'DbContextOptionsBuilder.EnableSensitiveDataLogging' to see key values.
[7/13/2024 1:18:05 AM] DEBUG 'ApplicationDbContext' generated a temporary value for the property 'HelpInfo.Id'. Consider using 'DbContextOptionsBuilder.EnableSensitiveDataLogging' to see key values.
[7/13/2024 1:18:05 AM] DEBUG Context 'ApplicationDbContext' started tracking 'HelpInfo' entity. Consider using 'DbContextOptionsBuilder.EnableSensitiveDataLogging' to see key values.
[7/13/2024 1:18:05 AM] DEBUG 'ApplicationDbContext' generated a temporary value for the property 'HelpInfo.Id'. Consider using 'DbContextOptionsBuilder.EnableSensitiveDataLogging' to see key values.
[7/13/2024 1:18:05 AM] DEBUG Context 'ApplicationDbContext' started tracking 'HelpInfo' entity. Consider using 'DbContextOptionsBuilder.EnableSensitiveDataLogging' to see key values.
[7/13/2024 1:18:05 AM] DEBUG 'ApplicationDbContext' generated a temporary value for the property 'HelpInfo.Id'. Consider using 'DbContextOptionsBuilder.EnableSensitiveDataLogging' to see key values.
[7/13/2024 1:18:05 AM] DEBUG Context 'ApplicationDbContext' started tracking 'HelpInfo' entity. Consider using 'DbContextOptionsBuilder.EnableSensitiveDataLogging' to see key values.
[7/13/2024 1:18:05 AM] DEBUG 'ApplicationDbContext' generated a temporary value for the property 'HelpInfo.Id'. Consider using 'DbContextOptionsBuilder.EnableSensitiveDataLogging' to see key values.
[7/13/2024 1:18:05 AM] DEBUG Context 'ApplicationDbContext' started tracking 'HelpInfo' entity. Consider using 'DbContextOptionsBuilder.EnableSensitiveDataLogging' to see key values.
[7/13/2024 1:18:05 AM] DEBUG 'ApplicationDbContext' generated a temporary value for the property 'HelpInfo.Id'. Consider using 'DbContextOptionsBuilder.EnableSensitiveDataLogging' to see key values.
[7/13/2024 1:18:05 AM] DEBUG Context 'ApplicationDbContext' started tracking 'HelpInfo' entity. Consider using 'DbContextOptionsBuilder.EnableSensitiveDataLogging' to see key values.
[7/13/2024 1:18:05 AM] DEBUG 'ApplicationDbContext' generated a temporary value for the property 'HelpInfo.Id'. Consider using 'DbContextOptionsBuilder.EnableSensitiveDataLogging' to see key values.
[7/13/2024 1:18:05 AM] DEBUG Context 'ApplicationDbContext' started tracking 'HelpInfo' entity. Consider using 'DbContextOptionsBuilder.EnableSensitiveDataLogging' to see key values.
[7/13/2024 1:18:05 AM] DEBUG 'ApplicationDbContext' generated a temporary value for the property 'HelpInfo.Id'. Consider using 'DbContextOptionsBuilder.EnableSensitiveDataLogging' to see key values.
[7/13/2024 1:18:05 AM] DEBUG Context 'ApplicationDbContext' started tracking 'HelpInfo' entity. Consider using 'DbContextOptionsBuilder.EnableSensitiveDataLogging' to see key values.
[7/13/2024 1:18:05 AM] DEBUG 'ApplicationDbContext' generated a temporary value for the property 'HelpInfo.Id'. Consider using 'DbContextOptionsBuilder.EnableSensitiveDataLogging' to see key values.
[7/13/2024 1:18:05 AM] DEBUG Context 'ApplicationDbContext' started tracking 'HelpInfo' entity. Consider using 'DbContextOptionsBuilder.EnableSensitiveDataLogging' to see key values.
[7/13/2024 1:18:05 AM] DEBUG 'ApplicationDbContext' generated a temporary value for the property 'HelpInfo.Id'. Consider using 'DbContextOptionsBuilder.EnableSensitiveDataLogging' to see key values.
[7/13/2024 1:18:05 AM] DEBUG Context 'ApplicationDbContext' started tracking 'HelpInfo' entity. Consider using 'DbContextOptionsBuilder.EnableSensitiveDataLogging' to see key values.
[7/13/2024 1:18:05 AM] DEBUG SaveChanges starting for 'ApplicationDbContext'.
[7/13/2024 1:18:05 AM] DEBUG DetectChanges starting for 'ApplicationDbContext'.
[7/13/2024 1:18:05 AM] DEBUG DetectChanges completed for 'ApplicationDbContext'.
[7/13/2024 1:18:05 AM] DEBUG Executing 42 update commands as a batch.
[7/13/2024 1:18:05 AM] DEBUG Opening connection to database 'NexusConnectCRM' on server '(localdb)\mssqllocaldb'.
[7/13/2024 1:18:05 AM] DEBUG Opened connection to database 'NexusConnectCRM' on server '(localdb)\mssqllocaldb'.
[7/13/2024 1:18:05 AM] DEBUG Beginning transaction with isolation level 'Unspecified'.
[7/13/2024 1:18:05 AM] DEBUG Began transaction with isolation level 'ReadCommitted'.
[7/13/2024 1:18:05 AM] DEBUG Creating DbCommand for 'ExecuteReader'.
[7/13/2024 1:18:05 AM] DEBUG Created DbCommand for 'ExecuteReader' (0ms).
[7/13/2024 1:18:05 AM] DEBUG Initialized DbCommand for 'ExecuteReader' (4ms).
[7/13/2024 1:18:05 AM] DEBUG Executing DbCommand [Parameters=[@p0='?' (Size = 4000), @p1='?' (Size = 4000), @p2='?' (DbType = DateTime2), @p3='?' (DbType = Boolean), @p4='?' (DbType = Boolean), @p5='?' (Size = 4000), @p6='?' (DbType = Boolean), @p7='?' (DbType = Boolean), @p8='?' (Size = 4000), @p9='?' (DbType = Boolean), @p10='?' (DbType = Boolean), @p11='?' (DbType = Boolean), @p12='?' (DbType = Boolean), @p13='?' (DbType = DateTime2), @p14='?' (Size = 4000), @p15='?' (Size = 4000), @p16='?' (Size = 4000), @p17='?' (DbType = DateTime2), @p18='?' (DbType = Boolean), @p19='?' (DbType = Boolean), @p20='?' (Size = 4000), @p21='?' (DbType = Boolean), @p22='?' (DbType = Boolean), @p23='?' (Size = 4000), @p24='?' (DbType = Boolean), @p25='?' (DbType = Boolean), @p26='?' (DbType = Boolean), @p27='?' (DbType = Boolean), @p28='?' (DbType = DateTime2), @p29='?' (Size = 4000), @p30='?' (Size = 4000), @p31='?' (Size = 4000), @p32='?' (DbType = DateTime2), @p33='?' (DbType = Boolean), @p34='?' (DbType = Boolean), @p35='?' (Size = 4000), @p36='?' (DbType = Boolean), @p37='?' (DbType = Boolean), @p38='?' (Size = 4000), @p39='?' (DbType = Boolean), @p40='?' (DbType = Boolean), @p41='?' (DbType = Boolean), @p42='?' (DbType = Boolean), @p43='?' (DbType = DateTime2), @p44='?' (Size = 4000), @p45='?' (Size = 4000), @p46='?' (Size = 4000), @p47='?' (DbType = DateTime2), @p48='?' (DbType = Boolean), @p49='?' (DbType = Boolean), @p50='?' (Size = 4000), @p51='?' (DbType = Boolean), @p52='?' (DbType = Boolean), @p53='?' (Size = 4000), @p54='?' (DbType = Boolean), @p55='?' (DbType = Boolean), @p56='?' (DbType = Boolean), @p57='?' (DbType = Boolean), @p58='?' (DbType = DateTime2), @p59='?' (Size = 4000), @p60='?' (Size = 4000), @p61='?' (Size = 4000), @p62='?' (DbType = DateTime2), @p63='?' (DbType = Boolean), @p64='?' (DbType = Boolean), @p65='?' (Size = 4000), @p66='?' (DbType = Boolean), @p67='?' (DbType = Boolean), @p68='?' (Size = 4000), @p69='?' (DbType = Boolean), @p70='?' (DbType = Boolean), @p71='?' (DbType = Boolean), @p72='?' (DbType = Boolean), @p73='?' (DbType = DateTime2), @p74='?' (Size = 4000), @p75='?' (Size = 4000), @p76='?' (Size = 4000), @p77='?' (DbType = DateTime2), @p78='?' (DbType = Boolean), @p79='?' (DbType = Boolean), @p80='?' (Size = 4000), @p81='?' (DbType = Boolean), @p82='?' (DbType = Boolean), @p83='?' (Size = 4000), @p84='?' (DbType = Boolean), @p85='?' (DbType = Boolean), @p86='?' (DbType = Boolean), @p87='?' (DbType = Boolean), @p88='?' (DbType = DateTime2), @p89='?' (Size = 4000), @p90='?' (Size = 4000), @p91='?' (Size = 4000), @p92='?' (DbType = DateTime2), @p93='?' (DbType = Boolean), @p94='?' (DbType = Boolean), @p95='?' (Size = 4000), @p96='?' (DbType = Boolean), @p97='?' (DbType = Boolean), @p98='?' (Size = 4000), @p99='?' (DbType = Boolean), @p100='?' (DbType = Boolean), @p101='?' (DbType = Boolean), @p102='?' (DbType = Boolean), @p103='?' (DbType = DateTime2), @p104='?' (Size = 4000), @p105='?' (Size = 4000), @p106='?' (Size = 4000), @p107='?' (DbType = DateTime2), @p108='?' (DbType = Boolean), @p109='?' (DbType = Boolean), @p110='?' (Size = 4000), @p111='?' (DbType = Boolean), @p112='?' (DbType = Boolean), @p113='?' (Size = 4000), @p114='?' (DbType = Boolean), @p115='?' (DbType = Boolean), @p116='?' (DbType = Boolean), @p117='?' (DbType = Boolean), @p118='?' (DbType = DateTime2), @p119='?' (Size = 4000), @p120='?' (Size = 4000), @p121='?' (Size = 4000), @p122='?' (DbType = DateTime2), @p123='?' (DbType = Boolean), @p124='?' (DbType = Boolean), @p125='?' (Size = 4000), @p126='?' (DbType = Boolean), @p127='?' (DbType = Boolean), @p128='?' (Size = 4000), @p129='?' (DbType = Boolean), @p130='?' (DbType = Boolean), @p131='?' (DbType = Boolean), @p132='?' (DbType = Boolean), @p133='?' (DbType = DateTime2), @p134='?' (Size = 4000), @p135='?' (Size = 4000), @p136='?' (Size = 4000), @p137='?' (DbType = DateTime2), @p138='?' (DbType = Boolean), @p139='?' (DbType = Boolean), @p140='?' (Size = 4000), @p141='?' (DbType = Boolean), @p142='?' (DbType = Boolean), @p143='?' (Size = 4000), @p144='?' (DbType = Boolean), @p145='?' (DbType = Boolean), @p146='?' (DbType = Boolean), @p147='?' (DbType = Boolean), @p148='?' (DbType = DateTime2), @p149='?' (Size = 4000), @p150='?' (Size = 4000), @p151='?' (Size = 4000), @p152='?' (DbType = DateTime2), @p153='?' (DbType = Boolean), @p154='?' (DbType = Boolean), @p155='?' (Size = 4000), @p156='?' (DbType = Boolean), @p157='?' (DbType = Boolean), @p158='?' (Size = 4000), @p159='?' (DbType = Boolean), @p160='?' (DbType = Boolean), @p161='?' (DbType = Boolean), @p162='?' (DbType = Boolean), @p163='?' (DbType = DateTime2), @p164='?' (Size = 4000), @p165='?' (Size = 4000), @p166='?' (Size = 4000), @p167='?' (DbType = DateTime2), @p168='?' (DbType = Boolean), @p169='?' (DbType = Boolean), @p170='?' (Size = 4000), @p171='?' (DbType = Boolean), @p172='?' (DbType = Boolean), @p173='?' (Size = 4000), @p174='?' (DbType = Boolean), @p175='?' (DbType = Boolean), @p176='?' (DbType = Boolean), @p177='?' (DbType = Boolean), @p178='?' (DbType = DateTime2), @p179='?' (Size = 4000), @p180='?' (Size = 4000), @p181='?' (Size = 4000), @p182='?' (DbType = DateTime2), @p183='?' (DbType = Boolean), @p184='?' (DbType = Boolean), @p185='?' (Size = 4000), @p186='?' (DbType = Boolean), @p187='?' (DbType = Boolean), @p188='?' (Size = 4000), @p189='?' (DbType = Boolean), @p190='?' (DbType = Boolean), @p191='?' (DbType = Boolean), @p192='?' (DbType = Boolean), @p193='?' (DbType = DateTime2), @p194='?' (Size = 4000), @p195='?' (Size = 4000), @p196='?' (Size = 4000), @p197='?' (DbType = DateTime2), @p198='?' (DbType = Boolean), @p199='?' (DbType = Boolean), @p200='?' (Size = 4000), @p201='?' (DbType = Boolean), @p202='?' (DbType = Boolean), @p203='?' (Size = 4000), @p204='?' (DbType = Boolean), @p205='?' (DbType = Boolean), @p206='?' (DbType = Boolean), @p207='?' (DbType = Boolean), @p208='?' (DbType = DateTime2), @p209='?' (Size = 4000), @p210='?' (Size = 4000), @p211='?' (Size = 4000), @p212='?' (DbType = DateTime2), @p213='?' (DbType = Boolean), @p214='?' (DbType = Boolean), @p215='?' (Size = 4000), @p216='?' (DbType = Boolean), @p217='?' (DbType = Boolean), @p218='?' (Size = 4000), @p219='?' (DbType = Boolean), @p220='?' (DbType = Boolean), @p221='?' (DbType = Boolean), @p222='?' (DbType = Boolean), @p223='?' (DbType = DateTime2), @p224='?' (Size = 4000), @p225='?' (Size = 4000), @p226='?' (Size = 4000), @p227='?' (DbType = DateTime2), @p228='?' (DbType = Boolean), @p229='?' (DbType = Boolean), @p230='?' (Size = 4000), @p231='?' (DbType = Boolean), @p232='?' (DbType = Boolean), @p233='?' (Size = 4000), @p234='?' (DbType = Boolean), @p235='?' (DbType = Boolean), @p236='?' (DbType = Boolean), @p237='?' (DbType = Boolean), @p238='?' (DbType = DateTime2), @p239='?' (Size = 4000), @p240='?' (Size = 4000), @p241='?' (Size = 4000), @p242='?' (DbType = DateTime2), @p243='?' (DbType = Boolean), @p244='?' (DbType = Boolean), @p245='?' (Size = 4000), @p246='?' (DbType = Boolean), @p247='?' (DbType = Boolean), @p248='?' (Size = 4000), @p249='?' (DbType = Boolean), @p250='?' (DbType = Boolean), @p251='?' (DbType = Boolean), @p252='?' (DbType = Boolean), @p253='?' (DbType = DateTime2), @p254='?' (Size = 4000), @p255='?' (Size = 4000), @p256='?' (Size = 4000), @p257='?' (DbType = DateTime2), @p258='?' (DbType = Boolean), @p259='?' (DbType = Boolean), @p260='?' (Size = 4000), @p261='?' (DbType = Boolean), @p262='?' (DbType = Boolean), @p263='?' (Size = 4000), @p264='?' (DbType = Boolean), @p265='?' (DbType = Boolean), @p266='?' (DbType = Boolean), @p267='?' (DbType = Boolean), @p268='?' (DbType = DateTime2), @p269='?' (Size = 4000), @p270='?' (Size = 4000), @p271='?' (Size = 4000), @p272='?' (DbType = DateTime2), @p273='?' (DbType = Boolean), @p274='?' (DbType = Boolean), @p275='?' (Size = 4000), @p276='?' (DbType = Boolean), @p277='?' (DbType = Boolean), @p278='?' (Size = 4000), @p279='?' (DbType = Boolean), @p280='?' (DbType = Boolean), @p281='?' (DbType = Boolean), @p282='?' (DbType = Boolean), @p283='?' (DbType = DateTime2), @p284='?' (Size = 4000), @p285='?' (Size = 4000), @p286='?' (Size = 4000), @p287='?' (DbType = DateTime2), @p288='?' (DbType = Boolean), @p289='?' (DbType = Boolean), @p290='?' (Size = 4000), @p291='?' (DbType = Boolean), @p292='?' (DbType = Boolean), @p293='?' (Size = 4000), @p294='?' (DbType = Boolean), @p295='?' (DbType = Boolean), @p296='?' (DbType = Boolean), @p297='?' (DbType = Boolean), @p298='?' (DbType = DateTime2), @p299='?' (Size = 4000), @p300='?' (Size = 4000), @p301='?' (Size = 4000), @p302='?' (DbType = DateTime2), @p303='?' (DbType = Boolean), @p304='?' (DbType = Boolean), @p305='?' (Size = 4000), @p306='?' (DbType = Boolean), @p307='?' (DbType = Boolean), @p308='?' (Size = 4000), @p309='?' (DbType = Boolean), @p310='?' (DbType = Boolean), @p311='?' (DbType = Boolean), @p312='?' (DbType = Boolean), @p313='?' (DbType = DateTime2), @p314='?' (Size = 4000), @p315='?' (Size = 4000), @p316='?' (Size = 4000), @p317='?' (DbType = DateTime2), @p318='?' (DbType = Boolean), @p319='?' (DbType = Boolean), @p320='?' (Size = 4000), @p321='?' (DbType = Boolean), @p322='?' (DbType = Boolean), @p323='?' (Size = 4000), @p324='?' (DbType = Boolean), @p325='?' (DbType = Boolean), @p326='?' (DbType = Boolean), @p327='?' (DbType = Boolean), @p328='?' (DbType = DateTime2), @p329='?' (Size = 4000), @p330='?' (Size = 4000), @p331='?' (Size = 4000), @p332='?' (DbType = DateTime2), @p333='?' (DbType = Boolean), @p334='?' (DbType = Boolean), @p335='?' (Size = 4000), @p336='?' (DbType = Boolean), @p337='?' (DbType = Boolean), @p338='?' (Size = 4000), @p339='?' (DbType = Boolean), @p340='?' (DbType = Boolean), @p341='?' (DbType = Boolean), @p342='?' (DbType = Boolean), @p343='?' (DbType = DateTime2), @p344='?' (Size = 4000), @p345='?' (Size = 4000), @p346='?' (Size = 4000), @p347='?' (DbType = DateTime2), @p348='?' (DbType = Boolean), @p349='?' (DbType = Boolean), @p350='?' (Size = 4000), @p351='?' (DbType = Boolean), @p352='?' (DbType = Boolean), @p353='?' (Size = 4000), @p354='?' (DbType = Boolean), @p355='?' (DbType = Boolean), @p356='?' (DbType = Boolean), @p357='?' (DbType = Boolean), @p358='?' (DbType = DateTime2), @p359='?' (Size = 4000), @p360='?' (Size = 4000), @p361='?' (Size = 4000), @p362='?' (DbType = DateTime2), @p363='?' (DbType = Boolean), @p364='?' (DbType = Boolean), @p365='?' (Size = 4000), @p366='?' (DbType = Boolean), @p367='?' (DbType = Boolean), @p368='?' (Size = 4000), @p369='?' (DbType = Boolean), @p370='?' (DbType = Boolean), @p371='?' (DbType = Boolean), @p372='?' (DbType = Boolean), @p373='?' (DbType = DateTime2), @p374='?' (Size = 4000), @p375='?' (Size = 4000), @p376='?' (Size = 4000), @p377='?' (DbType = DateTime2), @p378='?' (DbType = Boolean), @p379='?' (DbType = Boolean), @p380='?' (Size = 4000), @p381='?' (DbType = Boolean), @p382='?' (DbType = Boolean), @p383='?' (Size = 4000), @p384='?' (DbType = Boolean), @p385='?' (DbType = Boolean), @p386='?' (DbType = Boolean), @p387='?' (DbType = Boolean), @p388='?' (DbType = DateTime2), @p389='?' (Size = 4000), @p390='?' (Size = 4000), @p391='?' (Size = 4000), @p392='?' (DbType = DateTime2), @p393='?' (DbType = Boolean), @p394='?' (DbType = Boolean), @p395='?' (Size = 4000), @p396='?' (DbType = Boolean), @p397='?' (DbType = Boolean), @p398='?' (Size = 4000), @p399='?' (DbType = Boolean), @p400='?' (DbType = Boolean), @p401='?' (DbType = Boolean), @p402='?' (DbType = Boolean), @p403='?' (DbType = DateTime2), @p404='?' (Size = 4000), @p405='?' (Size = 4000), @p406='?' (Size = 4000), @p407='?' (DbType = DateTime2), @p408='?' (DbType = Boolean), @p409='?' (DbType = Boolean), @p410='?' (Size = 4000), @p411='?' (DbType = Boolean), @p412='?' (DbType = Boolean), @p413='?' (Size = 4000), @p414='?' (DbType = Boolean), @p415='?' (DbType = Boolean), @p416='?' (DbType = Boolean), @p417='?' (DbType = Boolean), @p418='?' (DbType = DateTime2), @p419='?' (Size = 4000), @p420='?' (Size = 4000), @p421='?' (Size = 4000), @p422='?' (DbType = DateTime2), @p423='?' (DbType = Boolean), @p424='?' (DbType = Boolean), @p425='?' (Size = 4000), @p426='?' (DbType = Boolean), @p427='?' (DbType = Boolean), @p428='?' (Size = 4000), @p429='?' (DbType = Boolean), @p430='?' (DbType = Boolean), @p431='?' (DbType = Boolean), @p432='?' (DbType = Boolean), @p433='?' (DbType = DateTime2), @p434='?' (Size = 4000), @p435='?' (Size = 4000), @p436='?' (Size = 4000), @p437='?' (DbType = DateTime2), @p438='?' (DbType = Boolean), @p439='?' (DbType = Boolean), @p440='?' (Size = 4000), @p441='?' (DbType = Boolean), @p442='?' (DbType = Boolean), @p443='?' (Size = 4000), @p444='?' (DbType = Boolean), @p445='?' (DbType = Boolean), @p446='?' (DbType = Boolean), @p447='?' (DbType = Boolean), @p448='?' (DbType = DateTime2), @p449='?' (Size = 4000), @p450='?' (Size = 4000), @p451='?' (Size = 4000), @p452='?' (DbType = DateTime2), @p453='?' (DbType = Boolean), @p454='?' (DbType = Boolean), @p455='?' (Size = 4000), @p456='?' (DbType = Boolean), @p457='?' (DbType = Boolean), @p458='?' (Size = 4000), @p459='?' (DbType = Boolean), @p460='?' (DbType = Boolean), @p461='?' (DbType = Boolean), @p462='?' (DbType = Boolean), @p463='?' (DbType = DateTime2), @p464='?' (Size = 4000), @p465='?' (Size = 4000), @p466='?' (Size = 4000), @p467='?' (DbType = DateTime2), @p468='?' (DbType = Boolean), @p469='?' (DbType = Boolean), @p470='?' (Size = 4000), @p471='?' (DbType = Boolean), @p472='?' (DbType = Boolean), @p473='?' (Size = 4000), @p474='?' (DbType = Boolean), @p475='?' (DbType = Boolean), @p476='?' (DbType = Boolean), @p477='?' (DbType = Boolean), @p478='?' (DbType = DateTime2), @p479='?' (Size = 4000), @p480='?' (Size = 4000), @p481='?' (Size = 4000), @p482='?' (DbType = DateTime2), @p483='?' (DbType = Boolean), @p484='?' (DbType = Boolean), @p485='?' (Size = 4000), @p486='?' (DbType = Boolean), @p487='?' (DbType = Boolean), @p488='?' (Size = 4000), @p489='?' (DbType = Boolean), @p490='?' (DbType = Boolean), @p491='?' (DbType = Boolean), @p492='?' (DbType = Boolean), @p493='?' (DbType = DateTime2), @p494='?' (Size = 4000), @p495='?' (Size = 4000), @p496='?' (Size = 4000), @p497='?' (DbType = DateTime2), @p498='?' (DbType = Boolean), @p499='?' (DbType = Boolean), @p500='?' (Size = 4000), @p501='?' (DbType = Boolean), @p502='?' (DbType = Boolean), @p503='?' (Size = 4000), @p504='?' (DbType = Boolean), @p505='?' (DbType = Boolean), @p506='?' (DbType = Boolean), @p507='?' (DbType = Boolean), @p508='?' (DbType = DateTime2), @p509='?' (Size = 4000), @p510='?' (Size = 4000), @p511='?' (Size = 4000), @p512='?' (DbType = DateTime2), @p513='?' (DbType = Boolean), @p514='?' (DbType = Boolean), @p515='?' (Size = 4000), @p516='?' (DbType = Boolean), @p517='?' (DbType = Boolean), @p518='?' (Size = 4000), @p519='?' (DbType = Boolean), @p520='?' (DbType = Boolean), @p521='?' (DbType = Boolean), @p522='?' (DbType = Boolean), @p523='?' (DbType = DateTime2), @p524='?' (Size = 4000), @p525='?' (Size = 4000), @p526='?' (Size = 4000), @p527='?' (DbType = DateTime2), @p528='?' (DbType = Boolean), @p529='?' (DbType = Boolean), @p530='?' (Size = 4000), @p531='?' (DbType = Boolean), @p532='?' (DbType = Boolean), @p533='?' (Size = 4000), @p534='?' (DbType = Boolean), @p535='?' (DbType = Boolean), @p536='?' (DbType = Boolean), @p537='?' (DbType = Boolean), @p538='?' (DbType = DateTime2), @p539='?' (Size = 4000), @p540='?' (Size = 4000), @p541='?' (Size = 4000), @p542='?' (DbType = DateTime2), @p543='?' (DbType = Boolean), @p544='?' (DbType = Boolean), @p545='?' (Size = 4000), @p546='?' (DbType = Boolean), @p547='?' (DbType = Boolean), @p548='?' (Size = 4000), @p549='?' (DbType = Boolean), @p550='?' (DbType = Boolean), @p551='?' (DbType = Boolean), @p552='?' (DbType = Boolean), @p553='?' (DbType = DateTime2), @p554='?' (Size = 4000), @p555='?' (Size = 4000), @p556='?' (Size = 4000), @p557='?' (DbType = DateTime2), @p558='?' (DbType = Boolean), @p559='?' (DbType = Boolean), @p560='?' (Size = 4000), @p561='?' (DbType = Boolean), @p562='?' (DbType = Boolean), @p563='?' (Size = 4000), @p564='?' (DbType = Boolean), @p565='?' (DbType = Boolean), @p566='?' (DbType = Boolean), @p567='?' (DbType = Boolean), @p568='?' (DbType = DateTime2), @p569='?' (Size = 4000), @p570='?' (Size = 4000), @p571='?' (Size = 4000), @p572='?' (DbType = DateTime2), @p573='?' (DbType = Boolean), @p574='?' (DbType = Boolean), @p575='?' (Size = 4000), @p576='?' (DbType = Boolean), @p577='?' (DbType = Boolean), @p578='?' (Size = 4000), @p579='?' (DbType = Boolean), @p580='?' (DbType = Boolean), @p581='?' (DbType = Boolean), @p582='?' (DbType = Boolean), @p583='?' (DbType = DateTime2), @p584='?' (Size = 4000), @p585='?' (Size = 4000), @p586='?' (Size = 4000), @p587='?' (DbType = DateTime2), @p588='?' (DbType = Boolean), @p589='?' (DbType = Boolean), @p590='?' (Size = 4000), @p591='?' (DbType = Boolean), @p592='?' (DbType = Boolean), @p593='?' (Size = 4000), @p594='?' (DbType = Boolean), @p595='?' (DbType = Boolean), @p596='?' (DbType = Boolean), @p597='?' (DbType = Boolean), @p598='?' (DbType = DateTime2), @p599='?' (Size = 4000), @p600='?' (Size = 4000), @p601='?' (Size = 4000), @p602='?' (DbType = DateTime2), @p603='?' (DbType = Boolean), @p604='?' (DbType = Boolean), @p605='?' (Size = 4000), @p606='?' (DbType = Boolean), @p607='?' (DbType = Boolean), @p608='?' (Size = 4000), @p609='?' (DbType = Boolean), @p610='?' (DbType = Boolean), @p611='?' (DbType = Boolean), @p612='?' (DbType = Boolean), @p613='?' (DbType = DateTime2), @p614='?' (Size = 4000), @p615='?' (Size = 4000), @p616='?' (Size = 4000), @p617='?' (DbType = DateTime2), @p618='?' (DbType = Boolean), @p619='?' (DbType = Boolean), @p620='?' (Size = 4000), @p621='?' (DbType = Boolean), @p622='?' (DbType = Boolean), @p623='?' (Size = 4000), @p624='?' (DbType = Boolean), @p625='?' (DbType = Boolean), @p626='?' (DbType = Boolean), @p627='?' (DbType = Boolean), @p628='?' (DbType = DateTime2), @p629='?' (Size = 4000)], CommandType='Text', CommandTimeout='30']
SET IMPLICIT_TRANSACTIONS OFF;
SET NOCOUNT ON;
MERGE [Help] USING (
VALUES (@p0, @p1, @p2, @p3, @p4, @p5, @p6, @p7, @p8, @p9, @p10, @p11, @p12, @p13, @p14, 0),
(@p15, @p16, @p17, @p18, @p19, @p20, @p21, @p22, @p23, @p24, @p25, @p26, @p27, @p28, @p29, 1),
(@p30, @p31, @p32, @p33, @p34, @p35, @p36, @p37, @p38, @p39, @p40, @p41, @p42, @p43, @p44, 2),
(@p45, @p46, @p47, @p48, @p49, @p50, @p51, @p52, @p53, @p54, @p55, @p56, @p57, @p58, @p59, 3),
(@p60, @p61, @p62, @p63, @p64, @p65, @p66, @p67, @p68, @p69, @p70, @p71, @p72, @p73, @p74, 4),
(@p75, @p76, @p77, @p78, @p79, @p80, @p81, @p82, @p83, @p84, @p85, @p86, @p87, @p88, @p89, 5),
(@p90, @p91, @p92, @p93, @p94, @p95, @p96, @p97, @p98, @p99, @p100, @p101, @p102, @p103, @p104, 6),
(@p105, @p106, @p107, @p108, @p109, @p110, @p111, @p112, @p113, @p114, @p115, @p116, @p117, @p118, @p119, 7),
(@p120, @p121, @p122, @p123, @p124, @p125, @p126, @p127, @p128, @p129, @p130, @p131, @p132, @p133, @p134, 8),
(@p135, @p136, @p137, @p138, @p139, @p140, @p141, @p142, @p143, @p144, @p145, @p146, @p147, @p148, @p149, 9),
(@p150, @p151, @p152, @p153, @p154, @p155, @p156, @p157, @p158, @p159, @p160, @p161, @p162, @p163, @p164, 10),
(@p165, @p166, @p167, @p168, @p169, @p170, @p171, @p172, @p173, @p174, @p175, @p176, @p177, @p178, @p179, 11),
(@p180, @p181, @p182, @p183, @p184, @p185, @p186, @p187, @p188, @p189, @p190, @p191, @p192, @p193, @p194, 12),
(@p195, @p196, @p197, @p198, @p199, @p200, @p201, @p202, @p203, @p204, @p205, @p206, @p207, @p208, @p209, 13),
(@p210, @p211, @p212, @p213, @p214, @p215, @p216, @p217, @p218, @p219, @p220, @p221, @p222, @p223, @p224, 14),
(@p225, @p226, @p227, @p228, @p229, @p230, @p231, @p232, @p233, @p234, @p235, @p236, @p237, @p238, @p239, 15),
(@p240, @p241, @p242, @p243, @p244, @p245, @p246, @p247, @p248, @p249, @p250, @p251, @p252, @p253, @p254, 16),
(@p255, @p256, @p257, @p258, @p259, @p260, @p261, @p262, @p263, @p264, @p265, @p266, @p267, @p268, @p269, 17),
(@p270, @p271, @p272, @p273, @p274, @p275, @p276, @p277, @p278, @p279, @p280, @p281, @p282, @p283, @p284, 18),
(@p285, @p286, @p287, @p288, @p289, @p290, @p291, @p292, @p293, @p294, @p295, @p296, @p297, @p298, @p299, 19),
(@p300, @p301, @p302, @p303, @p304, @p305, @p306, @p307, @p308, @p309, @p310, @p311, @p312, @p313, @p314, 20),
(@p315, @p316, @p317, @p318, @p319, @p320, @p321, @p322, @p323, @p324, @p325, @p326, @p327, @p328, @p329, 21),
(@p330, @p331, @p332, @p333, @p334, @p335, @p336, @p337, @p338, @p339, @p340, @p341, @p342, @p343, @p344, 22),
(@p345, @p346, @p347, @p348, @p349, @p350, @p351, @p352, @p353, @p354, @p355, @p356, @p357, @p358, @p359, 23),
(@p360, @p361, @p362, @p363, @p364, @p365, @p366, @p367, @p368, @p369, @p370, @p371, @p372, @p373, @p374, 24),
(@p375, @p376, @p377, @p378, @p379, @p380, @p381, @p382, @p383, @p384, @p385, @p386, @p387, @p388, @p389, 25),
(@p390, @p391, @p392, @p393, @p394, @p395, @p396, @p397, @p398, @p399, @p400, @p401, @p402, @p403, @p404, 26),
(@p405, @p406, @p407, @p408, @p409, @p410, @p411, @p412, @p413, @p414, @p415, @p416, @p417, @p418, @p419, 27),
(@p420, @p421, @p422, @p423, @p424, @p425, @p426, @p427, @p428, @p429, @p430, @p431, @p432, @p433, @p434, 28),
(@p435, @p436, @p437, @p438, @p439, @p440, @p441, @p442, @p443, @p444, @p445, @p446, @p447, @p448, @p449, 29),
(@p450, @p451, @p452, @p453, @p454, @p455, @p456, @p457, @p458, @p459, @p460, @p461, @p462, @p463, @p464, 30),
(@p465, @p466, @p467, @p468, @p469, @p470, @p471, @p472, @p473, @p474, @p475, @p476, @p477, @p478, @p479, 31),
(@p480, @p481, @p482, @p483, @p484, @p485, @p486, @p487, @p488, @p489, @p490, @p491, @p492, @p493, @p494, 32),
(@p495, @p496, @p497, @p498, @p499, @p500, @p501, @p502, @p503, @p504, @p505, @p506, @p507, @p508, @p509, 33),
(@p510, @p511, @p512, @p513, @p514, @p515, @p516, @p517, @p518, @p519, @p520, @p521, @p522, @p523, @p524, 34),
(@p525, @p526, @p527, @p528, @p529, @p530, @p531, @p532, @p533, @p534, @p535, @p536, @p537, @p538, @p539, 35),
(@p540, @p541, @p542, @p543, @p544, @p545, @p546, @p547, @p548, @p549, @p550, @p551, @p552, @p553, @p554, 36),
(@p555, @p556, @p557, @p558, @p559, @p560, @p561, @p562, @p563, @p564, @p565, @p566, @p567, @p568, @p569, 37),
(@p570, @p571, @p572, @p573, @p574, @p575, @p576, @p577, @p578, @p579, @p580, @p581, @p582, @p583, @p584, 38),
(@p585, @p586, @p587, @p588, @p589, @p590, @p591, @p592, @p593, @p594, @p595, @p596, @p597, @p598, @p599, 39),
(@p600, @p601, @p602, @p603, @p604, @p605, @p606, @p607, @p608, @p609, @p610, @p611, @p612, @p613, @p614, 40),
(@p615, @p616, @p617, @p618, @p619, @p620, @p621, @p622, @p623, @p624, @p625, @p626, @p627, @p628, @p629, 41)) AS i ([Author], [AuthorName], [CreatedDate], [CustomerViewed], [CustomerWasRecentResponse], [Description], [EmployeeViewed], [EmployeeWasRecentResponse], [ImageName], [IsApproved], [IsCompleted], [IsPending], [IsRejected], [ModifiedDate], [Title], _Position) ON 1=0
WHEN NOT MATCHED THEN
INSERT ([Author], [AuthorName], [CreatedDate], [CustomerViewed], [CustomerWasRecentResponse], [Description], [EmployeeViewed], [EmployeeWasRecentResponse], [ImageName], [IsApproved], [IsCompleted], [IsPending], [IsRejected], [ModifiedDate], [Title])
VALUES (i.[Author], i.[AuthorName], i.[CreatedDate], i.[CustomerViewed], i.[CustomerWasRecentResponse], i.[Description], i.[EmployeeViewed], i.[EmployeeWasRecentResponse], i.[ImageName], i.[IsApproved], i.[IsCompleted], i.[IsPending], i.[IsRejected], i.[ModifiedDate], i.[Title])
OUTPUT INSERTED.[Id], i._Position;
[7/13/2024 1:18:05 AM] INFO Executed DbCommand (54ms) [Parameters=[@p0='?' (Size = 4000), @p1='?' (Size = 4000), @p2='?' (DbType = DateTime2), @p3='?' (DbType = Boolean), @p4='?' (DbType = Boolean), @p5='?' (Size = 4000), @p6='?' (DbType = Boolean), @p7='?' (DbType = Boolean), @p8='?' (Size = 4000), @p9='?' (DbType = Boolean), @p10='?' (DbType = Boolean), @p11='?' (DbType = Boolean), @p12='?' (DbType = Boolean), @p13='?' (DbType = DateTime2), @p14='?' (Size = 4000), @p15='?' (Size = 4000), @p16='?' (Size = 4000), @p17='?' (DbType = DateTime2), @p18='?' (DbType = Boolean), @p19='?' (DbType = Boolean), @p20='?' (Size = 4000), @p21='?' (DbType = Boolean), @p22='?' (DbType = Boolean), @p23='?' (Size = 4000), @p24='?' (DbType = Boolean), @p25='?' (DbType = Boolean), @p26='?' (DbType = Boolean), @p27='?' (DbType = Boolean), @p28='?' (DbType = DateTime2), @p29='?' (Size = 4000), @p30='?' (Size = 4000), @p31='?' (Size = 4000), @p32='?' (DbType = DateTime2), @p33='?' (DbType = Boolean), @p34='?' (DbType = Boolean), @p35='?' (Size = 4000), @p36='?' (DbType = Boolean), @p37='?' (DbType = Boolean), @p38='?' (Size = 4000), @p39='?' (DbType = Boolean), @p40='?' (DbType = Boolean), @p41='?' (DbType = Boolean), @p42='?' (DbType = Boolean), @p43='?' (DbType = DateTime2), @p44='?' (Size = 4000), @p45='?' (Size = 4000), @p46='?' (Size = 4000), @p47='?' (DbType = DateTime2), @p48='?' (DbType = Boolean), @p49='?' (DbType = Boolean), @p50='?' (Size = 4000), @p51='?' (DbType = Boolean), @p52='?' (DbType = Boolean), @p53='?' (Size = 4000), @p54='?' (DbType = Boolean), @p55='?' (DbType = Boolean), @p56='?' (DbType = Boolean), @p57='?' (DbType = Boolean), @p58='?' (DbType = DateTime2), @p59='?' (Size = 4000), @p60='?' (Size = 4000), @p61='?' (Size = 4000), @p62='?' (DbType = DateTime2), @p63='?' (DbType = Boolean), @p64='?' (DbType = Boolean), @p65='?' (Size = 4000), @p66='?' (DbType = Boolean), @p67='?' (DbType = Boolean), @p68='?' (Size = 4000), @p69='?' (DbType = Boolean), @p70='?' (DbType = Boolean), @p71='?' (DbType = Boolean), @p72='?' (DbType = Boolean), @p73='?' (DbType = DateTime2), @p74='?' (Size = 4000), @p75='?' (Size = 4000), @p76='?' (Size = 4000), @p77='?' (DbType = DateTime2), @p78='?' (DbType = Boolean), @p79='?' (DbType = Boolean), @p80='?' (Size = 4000), @p81='?' (DbType = Boolean), @p82='?' (DbType = Boolean), @p83='?' (Size = 4000), @p84='?' (DbType = Boolean), @p85='?' (DbType = Boolean), @p86='?' (DbType = Boolean), @p87='?' (DbType = Boolean), @p88='?' (DbType = DateTime2), @p89='?' (Size = 4000), @p90='?' (Size = 4000), @p91='?' (Size = 4000), @p92='?' (DbType = DateTime2), @p93='?' (DbType = Boolean), @p94='?' (DbType = Boolean), @p95='?' (Size = 4000), @p96='?' (DbType = Boolean), @p97='?' (DbType = Boolean), @p98='?' (Size = 4000), @p99='?' (DbType = Boolean), @p100='?' (DbType = Boolean), @p101='?' (DbType = Boolean), @p102='?' (DbType = Boolean), @p103='?' (DbType = DateTime2), @p104='?' (Size = 4000), @p105='?' (Size = 4000), @p106='?' (Size = 4000), @p107='?' (DbType = DateTime2), @p108='?' (DbType = Boolean), @p109='?' (DbType = Boolean), @p110='?' (Size = 4000), @p111='?' (DbType = Boolean), @p112='?' (DbType = Boolean), @p113='?' (Size = 4000), @p114='?' (DbType = Boolean), @p115='?' (DbType = Boolean), @p116='?' (DbType = Boolean), @p117='?' (DbType = Boolean), @p118='?' (DbType = DateTime2), @p119='?' (Size = 4000), @p120='?' (Size = 4000), @p121='?' (Size = 4000), @p122='?' (DbType = DateTime2), @p123='?' (DbType = Boolean), @p124='?' (DbType = Boolean), @p125='?' (Size = 4000), @p126='?' (DbType = Boolean), @p127='?' (DbType = Boolean), @p128='?' (Size = 4000), @p129='?' (DbType = Boolean), @p130='?' (DbType = Boolean), @p131='?' (DbType = Boolean), @p132='?' (DbType = Boolean), @p133='?' (DbType = DateTime2), @p134='?' (Size = 4000), @p135='?' (Size = 4000), @p136='?' (Size = 4000), @p137='?' (DbType = DateTime2), @p138='?' (DbType = Boolean), @p139='?' (DbType = Boolean), @p140='?' (Size = 4000), @p141='?' (DbType = Boolean), @p142='?' (DbType = Boolean), @p143='?' (Size = 4000), @p144='?' (DbType = Boolean), @p145='?' (DbType = Boolean), @p146='?' (DbType = Boolean), @p147='?' (DbType = Boolean), @p148='?' (DbType = DateTime2), @p149='?' (Size = 4000), @p150='?' (Size = 4000), @p151='?' (Size = 4000), @p152='?' (DbType = DateTime2), @p153='?' (DbType = Boolean), @p154='?' (DbType = Boolean), @p155='?' (Size = 4000), @p156='?' (DbType = Boolean), @p157='?' (DbType = Boolean), @p158='?' (Size = 4000), @p159='?' (DbType = Boolean), @p160='?' (DbType = Boolean), @p161='?' (DbType = Boolean), @p162='?' (DbType = Boolean), @p163='?' (DbType = DateTime2), @p164='?' (Size = 4000), @p165='?' (Size = 4000), @p166='?' (Size = 4000), @p167='?' (DbType = DateTime2), @p168='?' (DbType = Boolean), @p169='?' (DbType = Boolean), @p170='?' (Size = 4000), @p171='?' (DbType = Boolean), @p172='?' (DbType = Boolean), @p173='?' (Size = 4000), @p174='?' (DbType = Boolean), @p175='?' (DbType = Boolean), @p176='?' (DbType = Boolean), @p177='?' (DbType = Boolean), @p178='?' (DbType = DateTime2), @p179='?' (Size = 4000), @p180='?' (Size = 4000), @p181='?' (Size = 4000), @p182='?' (DbType = DateTime2), @p183='?' (DbType = Boolean), @p184='?' (DbType = Boolean), @p185='?' (Size = 4000), @p186='?' (DbType = Boolean), @p187='?' (DbType = Boolean), @p188='?' (Size = 4000), @p189='?' (DbType = Boolean), @p190='?' (DbType = Boolean), @p191='?' (DbType = Boolean), @p192='?' (DbType = Boolean), @p193='?' (DbType = DateTime2), @p194='?' (Size = 4000), @p195='?' (Size = 4000), @p196='?' (Size = 4000), @p197='?' (DbType = DateTime2), @p198='?' (DbType = Boolean), @p199='?' (DbType = Boolean), @p200='?' (Size = 4000), @p201='?' (DbType = Boolean), @p202='?' (DbType = Boolean), @p203='?' (Size = 4000), @p204='?' (DbType = Boolean), @p205='?' (DbType = Boolean), @p206='?' (DbType = Boolean), @p207='?' (DbType = Boolean), @p208='?' (DbType = DateTime2), @p209='?' (Size = 4000), @p210='?' (Size = 4000), @p211='?' (Size = 4000), @p212='?' (DbType = DateTime2), @p213='?' (DbType = Boolean), @p214='?' (DbType = Boolean), @p215='?' (Size = 4000), @p216='?' (DbType = Boolean), @p217='?' (DbType = Boolean), @p218='?' (Size = 4000), @p219='?' (DbType = Boolean), @p220='?' (DbType = Boolean), @p221='?' (DbType = Boolean), @p222='?' (DbType = Boolean), @p223='?' (DbType = DateTime2), @p224='?' (Size = 4000), @p225='?' (Size = 4000), @p226='?' (Size = 4000), @p227='?' (DbType = DateTime2), @p228='?' (DbType = Boolean), @p229='?' (DbType = Boolean), @p230='?' (Size = 4000), @p231='?' (DbType = Boolean), @p232='?' (DbType = Boolean), @p233='?' (Size = 4000), @p234='?' (DbType = Boolean), @p235='?' (DbType = Boolean), @p236='?' (DbType = Boolean), @p237='?' (DbType = Boolean), @p238='?' (DbType = DateTime2), @p239='?' (Size = 4000), @p240='?' (Size = 4000), @p241='?' (Size = 4000), @p242='?' (DbType = DateTime2), @p243='?' (DbType = Boolean), @p244='?' (DbType = Boolean), @p245='?' (Size = 4000), @p246='?' (DbType = Boolean), @p247='?' (DbType = Boolean), @p248='?' (Size = 4000), @p249='?' (DbType = Boolean), @p250='?' (DbType = Boolean), @p251='?' (DbType = Boolean), @p252='?' (DbType = Boolean), @p253='?' (DbType = DateTime2), @p254='?' (Size = 4000), @p255='?' (Size = 4000), @p256='?' (Size = 4000), @p257='?' (DbType = DateTime2), @p258='?' (DbType = Boolean), @p259='?' (DbType = Boolean), @p260='?' (Size = 4000), @p261='?' (DbType = Boolean), @p262='?' (DbType = Boolean), @p263='?' (Size = 4000), @p264='?' (DbType = Boolean), @p265='?' (DbType = Boolean), @p266='?' (DbType = Boolean), @p267='?' (DbType = Boolean), @p268='?' (DbType = DateTime2), @p269='?' (Size = 4000), @p270='?' (Size = 4000), @p271='?' (Size = 4000), @p272='?' (DbType = DateTime2), @p273='?' (DbType = Boolean), @p274='?' (DbType = Boolean), @p275='?' (Size = 4000), @p276='?' (DbType = Boolean), @p277='?' (DbType = Boolean), @p278='?' (Size = 4000), @p279='?' (DbType = Boolean), @p280='?' (DbType = Boolean), @p281='?' (DbType = Boolean), @p282='?' (DbType = Boolean), @p283='?' (DbType = DateTime2), @p284='?' (Size = 4000), @p285='?' (Size = 4000), @p286='?' (Size = 4000), @p287='?' (DbType = DateTime2), @p288='?' (DbType = Boolean), @p289='?' (DbType = Boolean), @p290='?' (Size = 4000), @p291='?' (DbType = Boolean), @p292='?' (DbType = Boolean), @p293='?' (Size = 4000), @p294='?' (DbType = Boolean), @p295='?' (DbType = Boolean), @p296='?' (DbType = Boolean), @p297='?' (DbType = Boolean), @p298='?' (DbType = DateTime2), @p299='?' (Size = 4000), @p300='?' (Size = 4000), @p301='?' (Size = 4000), @p302='?' (DbType = DateTime2), @p303='?' (DbType = Boolean), @p304='?' (DbType = Boolean), @p305='?' (Size = 4000), @p306='?' (DbType = Boolean), @p307='?' (DbType = Boolean), @p308='?' (Size = 4000), @p309='?' (DbType = Boolean), @p310='?' (DbType = Boolean), @p311='?' (DbType = Boolean), @p312='?' (DbType = Boolean), @p313='?' (DbType = DateTime2), @p314='?' (Size = 4000), @p315='?' (Size = 4000), @p316='?' (Size = 4000), @p317='?' (DbType = DateTime2), @p318='?' (DbType = Boolean), @p319='?' (DbType = Boolean), @p320='?' (Size = 4000), @p321='?' (DbType = Boolean), @p322='?' (DbType = Boolean), @p323='?' (Size = 4000), @p324='?' (DbType = Boolean), @p325='?' (DbType = Boolean), @p326='?' (DbType = Boolean), @p327='?' (DbType = Boolean), @p328='?' (DbType = DateTime2), @p329='?' (Size = 4000), @p330='?' (Size = 4000), @p331='?' (Size = 4000), @p332='?' (DbType = DateTime2), @p333='?' (DbType = Boolean), @p334='?' (DbType = Boolean), @p335='?' (Size = 4000), @p336='?' (DbType = Boolean), @p337='?' (DbType = Boolean), @p338='?' (Size = 4000), @p339='?' (DbType = Boolean), @p340='?' (DbType = Boolean), @p341='?' (DbType = Boolean), @p342='?' (DbType = Boolean), @p343='?' (DbType = DateTime2), @p344='?' (Size = 4000), @p345='?' (Size = 4000), @p346='?' (Size = 4000), @p347='?' (DbType = DateTime2), @p348='?' (DbType = Boolean), @p349='?' (DbType = Boolean), @p350='?' (Size = 4000), @p351='?' (DbType = Boolean), @p352='?' (DbType = Boolean), @p353='?' (Size = 4000), @p354='?' (DbType = Boolean), @p355='?' (DbType = Boolean), @p356='?' (DbType = Boolean), @p357='?' (DbType = Boolean), @p358='?' (DbType = DateTime2), @p359='?' (Size = 4000), @p360='?' (Size = 4000), @p361='?' (Size = 4000), @p362='?' (DbType = DateTime2), @p363='?' (DbType = Boolean), @p364='?' (DbType = Boolean), @p365='?' (Size = 4000), @p366='?' (DbType = Boolean), @p367='?' (DbType = Boolean), @p368='?' (Size = 4000), @p369='?' (DbType = Boolean), @p370='?' (DbType = Boolean), @p371='?' (DbType = Boolean), @p372='?' (DbType = Boolean), @p373='?' (DbType = DateTime2), @p374='?' (Size = 4000), @p375='?' (Size = 4000), @p376='?' (Size = 4000), @p377='?' (DbType = DateTime2), @p378='?' (DbType = Boolean), @p379='?' (DbType = Boolean), @p380='?' (Size = 4000), @p381='?' (DbType = Boolean), @p382='?' (DbType = Boolean), @p383='?' (Size = 4000), @p384='?' (DbType = Boolean), @p385='?' (DbType = Boolean), @p386='?' (DbType = Boolean), @p387='?' (DbType = Boolean), @p388='?' (DbType = DateTime2), @p389='?' (Size = 4000), @p390='?' (Size = 4000), @p391='?' (Size = 4000), @p392='?' (DbType = DateTime2), @p393='?' (DbType = Boolean), @p394='?' (DbType = Boolean), @p395='?' (Size = 4000), @p396='?' (DbType = Boolean), @p397='?' (DbType = Boolean), @p398='?' (Size = 4000), @p399='?' (DbType = Boolean), @p400='?' (DbType = Boolean), @p401='?' (DbType = Boolean), @p402='?' (DbType = Boolean), @p403='?' (DbType = DateTime2), @p404='?' (Size = 4000), @p405='?' (Size = 4000), @p406='?' (Size = 4000), @p407='?' (DbType = DateTime2), @p408='?' (DbType = Boolean), @p409='?' (DbType = Boolean), @p410='?' (Size = 4000), @p411='?' (DbType = Boolean), @p412='?' (DbType = Boolean), @p413='?' (Size = 4000), @p414='?' (DbType = Boolean), @p415='?' (DbType = Boolean), @p416='?' (DbType = Boolean), @p417='?' (DbType = Boolean), @p418='?' (DbType = DateTime2), @p419='?' (Size = 4000), @p420='?' (Size = 4000), @p421='?' (Size = 4000), @p422='?' (DbType = DateTime2), @p423='?' (DbType = Boolean), @p424='?' (DbType = Boolean), @p425='?' (Size = 4000), @p426='?' (DbType = Boolean), @p427='?' (DbType = Boolean), @p428='?' (Size = 4000), @p429='?' (DbType = Boolean), @p430='?' (DbType = Boolean), @p431='?' (DbType = Boolean), @p432='?' (DbType = Boolean), @p433='?' (DbType = DateTime2), @p434='?' (Size = 4000), @p435='?' (Size = 4000), @p436='?' (Size = 4000), @p437='?' (DbType = DateTime2), @p438='?' (DbType = Boolean), @p439='?' (DbType = Boolean), @p440='?' (Size = 4000), @p441='?' (DbType = Boolean), @p442='?' (DbType = Boolean), @p443='?' (Size = 4000), @p444='?' (DbType = Boolean), @p445='?' (DbType = Boolean), @p446='?' (DbType = Boolean), @p447='?' (DbType = Boolean), @p448='?' (DbType = DateTime2), @p449='?' (Size = 4000), @p450='?' (Size = 4000), @p451='?' (Size = 4000), @p452='?' (DbType = DateTime2), @p453='?' (DbType = Boolean), @p454='?' (DbType = Boolean), @p455='?' (Size = 4000), @p456='?' (DbType = Boolean), @p457='?' (DbType = Boolean), @p458='?' (Size = 4000), @p459='?' (DbType = Boolean), @p460='?' (DbType = Boolean), @p461='?' (DbType = Boolean), @p462='?' (DbType = Boolean), @p463='?' (DbType = DateTime2), @p464='?' (Size = 4000), @p465='?' (Size = 4000), @p466='?' (Size = 4000), @p467='?' (DbType = DateTime2), @p468='?' (DbType = Boolean), @p469='?' (DbType = Boolean), @p470='?' (Size = 4000), @p471='?' (DbType = Boolean), @p472='?' (DbType = Boolean), @p473='?' (Size = 4000), @p474='?' (DbType = Boolean), @p475='?' (DbType = Boolean), @p476='?' (DbType = Boolean), @p477='?' (DbType = Boolean), @p478='?' (DbType = DateTime2), @p479='?' (Size = 4000), @p480='?' (Size = 4000), @p481='?' (Size = 4000), @p482='?' (DbType = DateTime2), @p483='?' (DbType = Boolean), @p484='?' (DbType = Boolean), @p485='?' (Size = 4000), @p486='?' (DbType = Boolean), @p487='?' (DbType = Boolean), @p488='?' (Size = 4000), @p489='?' (DbType = Boolean), @p490='?' (DbType = Boolean), @p491='?' (DbType = Boolean), @p492='?' (DbType = Boolean), @p493='?' (DbType = DateTime2), @p494='?' (Size = 4000), @p495='?' (Size = 4000), @p496='?' (Size = 4000), @p497='?' (DbType = DateTime2), @p498='?' (DbType = Boolean), @p499='?' (DbType = Boolean), @p500='?' (Size = 4000), @p501='?' (DbType = Boolean), @p502='?' (DbType = Boolean), @p503='?' (Size = 4000), @p504='?' (DbType = Boolean), @p505='?' (DbType = Boolean), @p506='?' (DbType = Boolean), @p507='?' (DbType = Boolean), @p508='?' (DbType = DateTime2), @p509='?' (Size = 4000), @p510='?' (Size = 4000), @p511='?' (Size = 4000), @p512='?' (DbType = DateTime2), @p513='?' (DbType = Boolean), @p514='?' (DbType = Boolean), @p515='?' (Size = 4000), @p516='?' (DbType = Boolean), @p517='?' (DbType = Boolean), @p518='?' (Size = 4000), @p519='?' (DbType = Boolean), @p520='?' (DbType = Boolean), @p521='?' (DbType = Boolean), @p522='?' (DbType = Boolean), @p523='?' (DbType = DateTime2), @p524='?' (Size = 4000), @p525='?' (Size = 4000), @p526='?' (Size = 4000), @p527='?' (DbType = DateTime2), @p528='?' (DbType = Boolean), @p529='?' (DbType = Boolean), @p530='?' (Size = 4000), @p531='?' (DbType = Boolean), @p532='?' (DbType = Boolean), @p533='?' (Size = 4000), @p534='?' (DbType = Boolean), @p535='?' (DbType = Boolean), @p536='?' (DbType = Boolean), @p537='?' (DbType = Boolean), @p538='?' (DbType = DateTime2), @p539='?' (Size = 4000), @p540='?' (Size = 4000), @p541='?' (Size = 4000), @p542='?' (DbType = DateTime2), @p543='?' (DbType = Boolean), @p544='?' (DbType = Boolean), @p545='?' (Size = 4000), @p546='?' (DbType = Boolean), @p547='?' (DbType = Boolean), @p548='?' (Size = 4000), @p549='?' (DbType = Boolean), @p550='?' (DbType = Boolean), @p551='?' (DbType = Boolean), @p552='?' (DbType = Boolean), @p553='?' (DbType = DateTime2), @p554='?' (Size = 4000), @p555='?' (Size = 4000), @p556='?' (Size = 4000), @p557='?' (DbType = DateTime2), @p558='?' (DbType = Boolean), @p559='?' (DbType = Boolean), @p560='?' (Size = 4000), @p561='?' (DbType = Boolean), @p562='?' (DbType = Boolean), @p563='?' (Size = 4000), @p564='?' (DbType = Boolean), @p565='?' (DbType = Boolean), @p566='?' (DbType = Boolean), @p567='?' (DbType = Boolean), @p568='?' (DbType = DateTime2), @p569='?' (Size = 4000), @p570='?' (Size = 4000), @p571='?' (Size = 4000), @p572='?' (DbType = DateTime2), @p573='?' (DbType = Boolean), @p574='?' (DbType = Boolean), @p575='?' (Size = 4000), @p576='?' (DbType = Boolean), @p577='?' (DbType = Boolean), @p578='?' (Size = 4000), @p579='?' (DbType = Boolean), @p580='?' (DbType = Boolean), @p581='?' (DbType = Boolean), @p582='?' (DbType = Boolean), @p583='?' (DbType = DateTime2), @p584='?' (Size = 4000), @p585='?' (Size = 4000), @p586='?' (Size = 4000), @p587='?' (DbType = DateTime2), @p588='?' (DbType = Boolean), @p589='?' (DbType = Boolean), @p590='?' (Size = 4000), @p591='?' (DbType = Boolean), @p592='?' (DbType = Boolean), @p593='?' (Size = 4000), @p594='?' (DbType = Boolean), @p595='?' (DbType = Boolean), @p596='?' (DbType = Boolean), @p597='?' (DbType = Boolean), @p598='?' (DbType = DateTime2), @p599='?' (Size = 4000), @p600='?' (Size = 4000), @p601='?' (Size = 4000), @p602='?' (DbType = DateTime2), @p603='?' (DbType = Boolean), @p604='?' (DbType = Boolean), @p605='?' (Size = 4000), @p606='?' (DbType = Boolean), @p607='?' (DbType = Boolean), @p608='?' (Size = 4000), @p609='?' (DbType = Boolean), @p610='?' (DbType = Boolean), @p611='?' (DbType = Boolean), @p612='?' (DbType = Boolean), @p613='?' (DbType = DateTime2), @p614='?' (Size = 4000), @p615='?' (Size = 4000), @p616='?' (Size = 4000), @p617='?' (DbType = DateTime2), @p618='?' (DbType = Boolean), @p619='?' (DbType = Boolean), @p620='?' (Size = 4000), @p621='?' (DbType = Boolean), @p622='?' (DbType = Boolean), @p623='?' (Size = 4000), @p624='?' (DbType = Boolean), @p625='?' (DbType = Boolean), @p626='?' (DbType = Boolean), @p627='?' (DbType = Boolean), @p628='?' (DbType = DateTime2), @p629='?' (Size = 4000)], CommandType='Text', CommandTimeout='30']
SET IMPLICIT_TRANSACTIONS OFF;
SET NOCOUNT ON;
MERGE [Help] USING (
VALUES (@p0, @p1, @p2, @p3, @p4, @p5, @p6, @p7, @p8, @p9, @p10, @p11, @p12, @p13, @p14, 0),
(@p15, @p16, @p17, @p18, @p19, @p20, @p21, @p22, @p23, @p24, @p25, @p26, @p27, @p28, @p29, 1),
(@p30, @p31, @p32, @p33, @p34, @p35, @p36, @p37, @p38, @p39, @p40, @p41, @p42, @p43, @p44, 2),
(@p45, @p46, @p47, @p48, @p49, @p50, @p51, @p52, @p53, @p54, @p55, @p56, @p57, @p58, @p59, 3),
(@p60, @p61, @p62, @p63, @p64, @p65, @p66, @p67, @p68, @p69, @p70, @p71, @p72, @p73, @p74, 4),
(@p75, @p76, @p77, @p78, @p79, @p80, @p81, @p82, @p83, @p84, @p85, @p86, @p87, @p88, @p89, 5),
(@p90, @p91, @p92, @p93, @p94, @p95, @p96, @p97, @p98, @p99, @p100, @p101, @p102, @p103, @p104, 6),
(@p105, @p106, @p107, @p108, @p109, @p110, @p111, @p112, @p113, @p114, @p115, @p116, @p117, @p118, @p119, 7),
(@p120, @p121, @p122, @p123, @p124, @p125, @p126, @p127, @p128, @p129, @p130, @p131, @p132, @p133, @p134, 8),
(@p135, @p136, @p137, @p138, @p139, @p140, @p141, @p142, @p143, @p144, @p145, @p146, @p147, @p148, @p149, 9),
(@p150, @p151, @p152, @p153, @p154, @p155, @p156, @p157, @p158, @p159, @p160, @p161, @p162, @p163, @p164, 10),
(@p165, @p166, @p167, @p168, @p169, @p170, @p171, @p172, @p173, @p174, @p175, @p176, @p177, @p178, @p179, 11),
(@p180, @p181, @p182, @p183, @p184, @p185, @p186, @p187, @p188, @p189, @p190, @p191, @p192, @p193, @p194, 12),
(@p195, @p196, @p197, @p198, @p199, @p200, @p201, @p202, @p203, @p204, @p205, @p206, @p207, @p208, @p209, 13),
(@p210, @p211, @p212, @p213, @p214, @p215, @p216, @p217, @p218, @p219, @p220, @p221, @p222, @p223, @p224, 14),
(@p225, @p226, @p227, @p228, @p229, @p230, @p231, @p232, @p233, @p234, @p235, @p236, @p237, @p238, @p239, 15),
(@p240, @p241, @p242, @p243, @p244, @p245, @p246, @p247, @p248, @p249, @p250, @p251, @p252, @p253, @p254, 16),
(@p255, @p256, @p257, @p258, @p259, @p260, @p261, @p262, @p263, @p264, @p265, @p266, @p267, @p268, @p269, 17),
(@p270, @p271, @p272, @p273, @p274, @p275, @p276, @p277, @p278, @p279, @p280, @p281, @p282, @p283, @p284, 18),
(@p285, @p286, @p287, @p288, @p289, @p290, @p291, @p292, @p293, @p294, @p295, @p296, @p297, @p298, @p299, 19),
(@p300, @p301, @p302, @p303, @p304, @p305, @p306, @p307, @p308, @p309, @p310, @p311, @p312, @p313, @p314, 20),
(@p315, @p316, @p317, @p318, @p319, @p320, @p321, @p322, @p323, @p324, @p325, @p326, @p327, @p328, @p329, 21),
(@p330, @p331, @p332, @p333, @p334, @p335, @p336, @p337, @p338, @p339, @p340, @p341, @p342, @p343, @p344, 22),
(@p345, @p346, @p347, @p348, @p349, @p350, @p351, @p352, @p353, @p354, @p355, @p356, @p357, @p358, @p359, 23),
(@p360, @p361, @p362, @p363, @p364, @p365, @p366, @p367, @p368, @p369, @p370, @p371, @p372, @p373, @p374, 24),
(@p375, @p376, @p377, @p378, @p379, @p380, @p381, @p382, @p383, @p384, @p385, @p386, @p387, @p388, @p389, 25),
(@p390, @p391, @p392, @p393, @p394, @p395, @p396, @p397, @p398, @p399, @p400, @p401, @p402, @p403, @p404, 26),
(@p405, @p406, @p407, @p408, @p409, @p410, @p411, @p412, @p413, @p414, @p415, @p416, @p417, @p418, @p419, 27),
(@p420, @p421, @p422, @p423, @p424, @p425, @p426, @p427, @p428, @p429, @p430, @p431, @p432, @p433, @p434, 28),
(@p435, @p436, @p437, @p438, @p439, @p440, @p441, @p442, @p443, @p444, @p445, @p446, @p447, @p448, @p449, 29),
(@p450, @p451, @p452, @p453, @p454, @p455, @p456, @p457, @p458, @p459, @p460, @p461, @p462, @p463, @p464, 30),
(@p465, @p466, @p467, @p468, @p469, @p470, @p471, @p472, @p473, @p474, @p475, @p476, @p477, @p478, @p479, 31),
(@p480, @p481, @p482, @p483, @p484, @p485, @p486, @p487, @p488, @p489, @p490, @p491, @p492, @p493, @p494, 32),
(@p495, @p496, @p497, @p498, @p499, @p500, @p501, @p502, @p503, @p504, @p505, @p506, @p507, @p508, @p509, 33),
(@p510, @p511, @p512, @p513, @p514, @p515, @p516, @p517, @p518, @p519, @p520, @p521, @p522, @p523, @p524, 34),
(@p525, @p526, @p527, @p528, @p529, @p530, @p531, @p532, @p533, @p534, @p535, @p536, @p537, @p538, @p539, 35),
(@p540, @p541, @p542, @p543, @p544, @p545, @p546, @p547, @p548, @p549, @p550, @p551, @p552, @p553, @p554, 36),
(@p555, @p556, @p557, @p558, @p559, @p560, @p561, @p562, @p563, @p564, @p565, @p566, @p567, @p568, @p569, 37),
(@p570, @p571, @p572, @p573, @p574, @p575, @p576, @p577, @p578, @p579, @p580, @p581, @p582, @p583, @p584, 38),
(@p585, @p586, @p587, @p588, @p589, @p590, @p591, @p592, @p593, @p594, @p595, @p596, @p597, @p598, @p599, 39),
(@p600, @p601, @p602, @p603, @p604, @p605, @p606, @p607, @p608, @p609, @p610, @p611, @p612, @p613, @p614, 40),
(@p615, @p616, @p617, @p618, @p619, @p620, @p621, @p622, @p623, @p624, @p625, @p626, @p627, @p628, @p629, 41)) AS i ([Author], [AuthorName], [CreatedDate], [CustomerViewed], [CustomerWasRecentResponse], [Description], [EmployeeViewed], [EmployeeWasRecentResponse], [ImageName], [IsApproved], [IsCompleted], [IsPending], [IsRejected], [ModifiedDate], [Title], _Position) ON 1=0
WHEN NOT MATCHED THEN
INSERT ([Author], [AuthorName], [CreatedDate], [CustomerViewed], [CustomerWasRecentResponse], [Description], [EmployeeViewed], [EmployeeWasRecentResponse], [ImageName], [IsApproved], [IsCompleted], [IsPending], [IsRejected], [ModifiedDate], [Title])
VALUES (i.[Author], i.[AuthorName], i.[CreatedDate], i.[CustomerViewed], i.[CustomerWasRecentResponse], i.[Description], i.[EmployeeViewed], i.[EmployeeWasRecentResponse], i.[ImageName], i.[IsApproved], i.[IsCompleted], i.[IsPending], i.[IsRejected], i.[ModifiedDate], i.[Title])
OUTPUT INSERTED.[Id], i._Position;
[7/13/2024 1:18:05 AM] DEBUG The foreign key property 'HelpInfo.Id' was detected as changed. Consider using 'DbContextOptionsBuilder.EnableSensitiveDataLogging' to see property values.
[7/13/2024 1:18:05 AM] DEBUG The foreign key property 'HelpInfo.Id' was detected as changed. Consider using 'DbContextOptionsBuilder.EnableSensitiveDataLogging' to see property values.
[7/13/2024 1:18:05 AM] DEBUG The foreign key property 'HelpInfo.Id' was detected as changed. Consider using 'DbContextOptionsBuilder.EnableSensitiveDataLogging' to see property values.
[7/13/2024 1:18:05 AM] DEBUG The foreign key property 'HelpInfo.Id' was detected as changed. Consider using 'DbContextOptionsBuilder.EnableSensitiveDataLogging' to see property values.
[7/13/2024 1:18:05 AM] DEBUG The foreign key property 'HelpInfo.Id' was detected as changed. Consider using 'DbContextOptionsBuilder.EnableSensitiveDataLogging' to see property values.
[7/13/2024 1:18:05 AM] DEBUG The foreign key property 'HelpInfo.Id' was detected as changed. Consider using 'DbContextOptionsBuilder.EnableSensitiveDataLogging' to see property values.
[7/13/2024 1:18:05 AM] DEBUG The foreign key property 'HelpInfo.Id' was detected as changed. Consider using 'DbContextOptionsBuilder.EnableSensitiveDataLogging' to see property values.
[7/13/2024 1:18:05 AM] DEBUG The foreign key property 'HelpInfo.Id' was detected as changed. Consider using 'DbContextOptionsBuilder.EnableSensitiveDataLogging' to see property values.
[7/13/2024 1:18:05 AM] DEBUG The foreign key property 'HelpInfo.Id' was detected as changed. Consider using 'DbContextOptionsBuilder.EnableSensitiveDataLogging' to see property values.
[7/13/2024 1:18:05 AM] DEBUG The foreign key property 'HelpInfo.Id' was detected as changed. Consider using 'DbContextOptionsBuilder.EnableSensitiveDataLogging' to see property values.
[7/13/2024 1:18:05 AM] DEBUG The foreign key property 'HelpInfo.Id' was detected as changed. Consider using 'DbContextOptionsBuilder.EnableSensitiveDataLogging' to see property values.
[7/13/2024 1:18:05 AM] DEBUG The foreign key property 'HelpInfo.Id' was detected as changed. Consider using 'DbContextOptionsBuilder.EnableSensitiveDataLogging' to see property values.
[7/13/2024 1:18:05 AM] DEBUG The foreign key property 'HelpInfo.Id' was detected as changed. Consider using 'DbContextOptionsBuilder.EnableSensitiveDataLogging' to see property values.
[7/13/2024 1:18:05 AM] DEBUG The foreign key property 'HelpInfo.Id' was detected as changed. Consider using 'DbContextOptionsBuilder.EnableSensitiveDataLogging' to see property values.
[7/13/2024 1:18:05 AM] DEBUG The foreign key property 'HelpInfo.Id' was detected as changed. Consider using 'DbContextOptionsBuilder.EnableSensitiveDataLogging' to see property values.
[7/13/2024 1:18:05 AM] DEBUG The foreign key property 'HelpInfo.Id' was detected as changed. Consider using 'DbContextOptionsBuilder.EnableSensitiveDataLogging' to see property values.
[7/13/2024 1:18:05 AM] DEBUG The foreign key property 'HelpInfo.Id' was detected as changed. Consider using 'DbContextOptionsBuilder.EnableSensitiveDataLogging' to see property values.
[7/13/2024 1:18:05 AM] DEBUG The foreign key property 'HelpInfo.Id' was detected as changed. Consider using 'DbContextOptionsBuilder.EnableSensitiveDataLogging' to see property values.
[7/13/2024 1:18:05 AM] DEBUG The foreign key property 'HelpInfo.Id' was detected as changed. Consider using 'DbContextOptionsBuilder.EnableSensitiveDataLogging' to see property values.
[7/13/2024 1:18:05 AM] DEBUG The foreign key property 'HelpInfo.Id' was detected as changed. Consider using 'DbContextOptionsBuilder.EnableSensitiveDataLogging' to see property values.
[7/13/2024 1:18:05 AM] DEBUG The foreign key property 'HelpInfo.Id' was detected as changed. Consider using 'DbContextOptionsBuilder.EnableSensitiveDataLogging' to see property values.
[7/13/2024 1:18:05 AM] DEBUG The foreign key property 'HelpInfo.Id' was detected as changed. Consider using 'DbContextOptionsBuilder.EnableSensitiveDataLogging' to see property values.
[7/13/2024 1:18:05 AM] DEBUG The foreign key property 'HelpInfo.Id' was detected as changed. Consider using 'DbContextOptionsBuilder.EnableSensitiveDataLogging' to see property values.
[7/13/2024 1:18:05 AM] DEBUG The foreign key property 'HelpInfo.Id' was detected as changed. Consider using 'DbContextOptionsBuilder.EnableSensitiveDataLogging' to see property values.
[7/13/2024 1:18:05 AM] DEBUG The foreign key property 'HelpInfo.Id' was detected as changed. Consider using 'DbContextOptionsBuilder.EnableSensitiveDataLogging' to see property values.
[7/13/2024 1:18:05 AM] DEBUG The foreign key property 'HelpInfo.Id' was detected as changed. Consider using 'DbContextOptionsBuilder.EnableSensitiveDataLogging' to see property values.
[7/13/2024 1:18:05 AM] DEBUG The foreign key property 'HelpInfo.Id' was detected as changed. Consider using 'DbContextOptionsBuilder.EnableSensitiveDataLogging' to see property values.
[7/13/2024 1:18:05 AM] DEBUG The foreign key property 'HelpInfo.Id' was detected as changed. Consider using 'DbContextOptionsBuilder.EnableSensitiveDataLogging' to see property values.
[7/13/2024 1:18:05 AM] DEBUG The foreign key property 'HelpInfo.Id' was detected as changed. Consider using 'DbContextOptionsBuilder.EnableSensitiveDataLogging' to see property values.
[7/13/2024 1:18:05 AM] DEBUG The foreign key property 'HelpInfo.Id' was detected as changed. Consider using 'DbContextOptionsBuilder.EnableSensitiveDataLogging' to see property values.
[7/13/2024 1:18:05 AM] DEBUG The foreign key property 'HelpInfo.Id' was detected as changed. Consider using 'DbContextOptionsBuilder.EnableSensitiveDataLogging' to see property values.
[7/13/2024 1:18:05 AM] DEBUG The foreign key property 'HelpInfo.Id' was detected as changed. Consider using 'DbContextOptionsBuilder.EnableSensitiveDataLogging' to see property values.
[7/13/2024 1:18:05 AM] DEBUG The foreign key property 'HelpInfo.Id' was detected as changed. Consider using 'DbContextOptionsBuilder.EnableSensitiveDataLogging' to see property values.
[7/13/2024 1:18:05 AM] DEBUG The foreign key property 'HelpInfo.Id' was detected as changed. Consider using 'DbContextOptionsBuilder.EnableSensitiveDataLogging' to see property values.
[7/13/2024 1:18:05 AM] DEBUG The foreign key property 'HelpInfo.Id' was detected as changed. Consider using 'DbContextOptionsBuilder.EnableSensitiveDataLogging' to see property values.
[7/13/2024 1:18:05 AM] DEBUG The foreign key property 'HelpInfo.Id' was detected as changed. Consider using 'DbContextOptionsBuilder.EnableSensitiveDataLogging' to see property values.
[7/13/2024 1:18:05 AM] DEBUG The foreign key property 'HelpInfo.Id' was detected as changed. Consider using 'DbContextOptionsBuilder.EnableSensitiveDataLogging' to see property values.
[7/13/2024 1:18:05 AM] DEBUG The foreign key property 'HelpInfo.Id' was detected as changed. Consider using 'DbContextOptionsBuilder.EnableSensitiveDataLogging' to see property values.
[7/13/2024 1:18:05 AM] DEBUG The foreign key property 'HelpInfo.Id' was detected as changed. Consider using 'DbContextOptionsBuilder.EnableSensitiveDataLogging' to see property values.
[7/13/2024 1:18:05 AM] DEBUG The foreign key property 'HelpInfo.Id' was detected as changed. Consider using 'DbContextOptionsBuilder.EnableSensitiveDataLogging' to see property values.
[7/13/2024 1:18:05 AM] DEBUG The foreign key property 'HelpInfo.Id' was detected as changed. Consider using 'DbContextOptionsBuilder.EnableSensitiveDataLogging' to see property values.
[7/13/2024 1:18:05 AM] DEBUG The foreign key property 'HelpInfo.Id' was detected as changed. Consider using 'DbContextOptionsBuilder.EnableSensitiveDataLogging' to see property values.
[7/13/2024 1:18:05 AM] DEBUG Closing data reader to 'NexusConnectCRM' on server '(localdb)\mssqllocaldb'.
[7/13/2024 1:18:05 AM] DEBUG A data reader for 'NexusConnectCRM' on server '(localdb)\mssqllocaldb' is being disposed after spending 20ms reading results.
[7/13/2024 1:18:05 AM] DEBUG Executing 38 update commands as a batch.
[7/13/2024 1:18:05 AM] DEBUG Creating DbCommand for 'ExecuteReader'.
[7/13/2024 1:18:05 AM] DEBUG Created DbCommand for 'ExecuteReader' (0ms).
[7/13/2024 1:18:05 AM] DEBUG Initialized DbCommand for 'ExecuteReader' (1ms).
[7/13/2024 1:18:05 AM] DEBUG Executing DbCommand [Parameters=[@p0='?' (Size = 4000), @p1='?' (Size = 4000), @p2='?' (DbType = DateTime2), @p3='?' (DbType = Boolean), @p4='?' (DbType = Boolean), @p5='?' (Size = 4000), @p6='?' (DbType = Boolean), @p7='?' (DbType = Boolean), @p8='?' (Size = 4000), @p9='?' (DbType = Boolean), @p10='?' (DbType = Boolean), @p11='?' (DbType = Boolean), @p12='?' (DbType = Boolean), @p13='?' (DbType = DateTime2), @p14='?' (Size = 4000), @p15='?' (Size = 4000), @p16='?' (Size = 4000), @p17='?' (DbType = DateTime2), @p18='?' (DbType = Boolean), @p19='?' (DbType = Boolean), @p20='?' (Size = 4000), @p21='?' (DbType = Boolean), @p22='?' (DbType = Boolean), @p23='?' (Size = 4000), @p24='?' (DbType = Boolean), @p25='?' (DbType = Boolean), @p26='?' (DbType = Boolean), @p27='?' (DbType = Boolean), @p28='?' (DbType = DateTime2), @p29='?' (Size = 4000), @p30='?' (Size = 4000), @p31='?' (Size = 4000), @p32='?' (DbType = DateTime2), @p33='?' (DbType = Boolean), @p34='?' (DbType = Boolean), @p35='?' (Size = 4000), @p36='?' (DbType = Boolean), @p37='?' (DbType = Boolean), @p38='?' (Size = 4000), @p39='?' (DbType = Boolean), @p40='?' (DbType = Boolean), @p41='?' (DbType = Boolean), @p42='?' (DbType = Boolean), @p43='?' (DbType = DateTime2), @p44='?' (Size = 4000), @p45='?' (Size = 4000), @p46='?' (Size = 4000), @p47='?' (DbType = DateTime2), @p48='?' (DbType = Boolean), @p49='?' (DbType = Boolean), @p50='?' (Size = 4000), @p51='?' (DbType = Boolean), @p52='?' (DbType = Boolean), @p53='?' (Size = 4000), @p54='?' (DbType = Boolean), @p55='?' (DbType = Boolean), @p56='?' (DbType = Boolean), @p57='?' (DbType = Boolean), @p58='?' (DbType = DateTime2), @p59='?' (Size = 4000), @p60='?' (Size = 4000), @p61='?' (Size = 4000), @p62='?' (DbType = DateTime2), @p63='?' (DbType = Boolean), @p64='?' (DbType = Boolean), @p65='?' (Size = 4000), @p66='?' (DbType = Boolean), @p67='?' (DbType = Boolean), @p68='?' (Size = 4000), @p69='?' (DbType = Boolean), @p70='?' (DbType = Boolean), @p71='?' (DbType = Boolean), @p72='?' (DbType = Boolean), @p73='?' (DbType = DateTime2), @p74='?' (Size = 4000), @p75='?' (Size = 4000), @p76='?' (Size = 4000), @p77='?' (DbType = DateTime2), @p78='?' (DbType = Boolean), @p79='?' (DbType = Boolean), @p80='?' (Size = 4000), @p81='?' (DbType = Boolean), @p82='?' (DbType = Boolean), @p83='?' (Size = 4000), @p84='?' (DbType = Boolean), @p85='?' (DbType = Boolean), @p86='?' (DbType = Boolean), @p87='?' (DbType = Boolean), @p88='?' (DbType = DateTime2), @p89='?' (Size = 4000), @p90='?' (Size = 4000), @p91='?' (Size = 4000), @p92='?' (DbType = DateTime2), @p93='?' (DbType = Boolean), @p94='?' (DbType = Boolean), @p95='?' (Size = 4000), @p96='?' (DbType = Boolean), @p97='?' (DbType = Boolean), @p98='?' (Size = 4000), @p99='?' (DbType = Boolean), @p100='?' (DbType = Boolean), @p101='?' (DbType = Boolean), @p102='?' (DbType = Boolean), @p103='?' (DbType = DateTime2), @p104='?' (Size = 4000), @p105='?' (Size = 4000), @p106='?' (Size = 4000), @p107='?' (DbType = DateTime2), @p108='?' (DbType = Boolean), @p109='?' (DbType = Boolean), @p110='?' (Size = 4000), @p111='?' (DbType = Boolean), @p112='?' (DbType = Boolean), @p113='?' (Size = 4000), @p114='?' (DbType = Boolean), @p115='?' (DbType = Boolean), @p116='?' (DbType = Boolean), @p117='?' (DbType = Boolean), @p118='?' (DbType = DateTime2), @p119='?' (Size = 4000), @p120='?' (Size = 4000), @p121='?' (Size = 4000), @p122='?' (DbType = DateTime2), @p123='?' (DbType = Boolean), @p124='?' (DbType = Boolean), @p125='?' (Size = 4000), @p126='?' (DbType = Boolean), @p127='?' (DbType = Boolean), @p128='?' (Size = 4000), @p129='?' (DbType = Boolean), @p130='?' (DbType = Boolean), @p131='?' (DbType = Boolean), @p132='?' (DbType = Boolean), @p133='?' (DbType = DateTime2), @p134='?' (Size = 4000), @p135='?' (Size = 4000), @p136='?' (Size = 4000), @p137='?' (DbType = DateTime2), @p138='?' (DbType = Boolean), @p139='?' (DbType = Boolean), @p140='?' (Size = 4000), @p141='?' (DbType = Boolean), @p142='?' (DbType = Boolean), @p143='?' (Size = 4000), @p144='?' (DbType = Boolean), @p145='?' (DbType = Boolean), @p146='?' (DbType = Boolean), @p147='?' (DbType = Boolean), @p148='?' (DbType = DateTime2), @p149='?' (Size = 4000), @p150='?' (Size = 4000), @p151='?' (Size = 4000), @p152='?' (DbType = DateTime2), @p153='?' (DbType = Boolean), @p154='?' (DbType = Boolean), @p155='?' (Size = 4000), @p156='?' (DbType = Boolean), @p157='?' (DbType = Boolean), @p158='?' (Size = 4000), @p159='?' (DbType = Boolean), @p160='?' (DbType = Boolean), @p161='?' (DbType = Boolean), @p162='?' (DbType = Boolean), @p163='?' (DbType = DateTime2), @p164='?' (Size = 4000), @p165='?' (Size = 4000), @p166='?' (Size = 4000), @p167='?' (DbType = DateTime2), @p168='?' (DbType = Boolean), @p169='?' (DbType = Boolean), @p170='?' (Size = 4000), @p171='?' (DbType = Boolean), @p172='?' (DbType = Boolean), @p173='?' (Size = 4000), @p174='?' (DbType = Boolean), @p175='?' (DbType = Boolean), @p176='?' (DbType = Boolean), @p177='?' (DbType = Boolean), @p178='?' (DbType = DateTime2), @p179='?' (Size = 4000), @p180='?' (Size = 4000), @p181='?' (Size = 4000), @p182='?' (DbType = DateTime2), @p183='?' (DbType = Boolean), @p184='?' (DbType = Boolean), @p185='?' (Size = 4000), @p186='?' (DbType = Boolean), @p187='?' (DbType = Boolean), @p188='?' (Size = 4000), @p189='?' (DbType = Boolean), @p190='?' (DbType = Boolean), @p191='?' (DbType = Boolean), @p192='?' (DbType = Boolean), @p193='?' (DbType = DateTime2), @p194='?' (Size = 4000), @p195='?' (Size = 4000), @p196='?' (Size = 4000), @p197='?' (DbType = DateTime2), @p198='?' (DbType = Boolean), @p199='?' (DbType = Boolean), @p200='?' (Size = 4000), @p201='?' (DbType = Boolean), @p202='?' (DbType = Boolean), @p203='?' (Size = 4000), @p204='?' (DbType = Boolean), @p205='?' (DbType = Boolean), @p206='?' (DbType = Boolean), @p207='?' (DbType = Boolean), @p208='?' (DbType = DateTime2), @p209='?' (Size = 4000), @p210='?' (Size = 4000), @p211='?' (Size = 4000), @p212='?' (DbType = DateTime2), @p213='?' (DbType = Boolean), @p214='?' (DbType = Boolean), @p215='?' (Size = 4000), @p216='?' (DbType = Boolean), @p217='?' (DbType = Boolean), @p218='?' (Size = 4000), @p219='?' (DbType = Boolean), @p220='?' (DbType = Boolean), @p221='?' (DbType = Boolean), @p222='?' (DbType = Boolean), @p223='?' (DbType = DateTime2), @p224='?' (Size = 4000), @p225='?' (Size = 4000), @p226='?' (Size = 4000), @p227='?' (DbType = DateTime2), @p228='?' (DbType = Boolean), @p229='?' (DbType = Boolean), @p230='?' (Size = 4000), @p231='?' (DbType = Boolean), @p232='?' (DbType = Boolean), @p233='?' (Size = 4000), @p234='?' (DbType = Boolean), @p235='?' (DbType = Boolean), @p236='?' (DbType = Boolean), @p237='?' (DbType = Boolean), @p238='?' (DbType = DateTime2), @p239='?' (Size = 4000), @p240='?' (Size = 4000), @p241='?' (Size = 4000), @p242='?' (DbType = DateTime2), @p243='?' (DbType = Boolean), @p244='?' (DbType = Boolean), @p245='?' (Size = 4000), @p246='?' (DbType = Boolean), @p247='?' (DbType = Boolean), @p248='?' (Size = 4000), @p249='?' (DbType = Boolean), @p250='?' (DbType = Boolean), @p251='?' (DbType = Boolean), @p252='?' (DbType = Boolean), @p253='?' (DbType = DateTime2), @p254='?' (Size = 4000), @p255='?' (Size = 4000), @p256='?' (Size = 4000), @p257='?' (DbType = DateTime2), @p258='?' (DbType = Boolean), @p259='?' (DbType = Boolean), @p260='?' (Size = 4000), @p261='?' (DbType = Boolean), @p262='?' (DbType = Boolean), @p263='?' (Size = 4000), @p264='?' (DbType = Boolean), @p265='?' (DbType = Boolean), @p266='?' (DbType = Boolean), @p267='?' (DbType = Boolean), @p268='?' (DbType = DateTime2), @p269='?' (Size = 4000), @p270='?' (Size = 4000), @p271='?' (Size = 4000), @p272='?' (DbType = DateTime2), @p273='?' (DbType = Boolean), @p274='?' (DbType = Boolean), @p275='?' (Size = 4000), @p276='?' (DbType = Boolean), @p277='?' (DbType = Boolean), @p278='?' (Size = 4000), @p279='?' (DbType = Boolean), @p280='?' (DbType = Boolean), @p281='?' (DbType = Boolean), @p282='?' (DbType = Boolean), @p283='?' (DbType = DateTime2), @p284='?' (Size = 4000), @p285='?' (Size = 4000), @p286='?' (Size = 4000), @p287='?' (DbType = DateTime2), @p288='?' (DbType = Boolean), @p289='?' (DbType = Boolean), @p290='?' (Size = 4000), @p291='?' (DbType = Boolean), @p292='?' (DbType = Boolean), @p293='?' (Size = 4000), @p294='?' (DbType = Boolean), @p295='?' (DbType = Boolean), @p296='?' (DbType = Boolean), @p297='?' (DbType = Boolean), @p298='?' (DbType = DateTime2), @p299='?' (Size = 4000), @p300='?' (Size = 4000), @p301='?' (Size = 4000), @p302='?' (DbType = DateTime2), @p303='?' (DbType = Boolean), @p304='?' (DbType = Boolean), @p305='?' (Size = 4000), @p306='?' (DbType = Boolean), @p307='?' (DbType = Boolean), @p308='?' (Size = 4000), @p309='?' (DbType = Boolean), @p310='?' (DbType = Boolean), @p311='?' (DbType = Boolean), @p312='?' (DbType = Boolean), @p313='?' (DbType = DateTime2), @p314='?' (Size = 4000), @p315='?' (Size = 4000), @p316='?' (Size = 4000), @p317='?' (DbType = DateTime2), @p318='?' (DbType = Boolean), @p319='?' (DbType = Boolean), @p320='?' (Size = 4000), @p321='?' (DbType = Boolean), @p322='?' (DbType = Boolean), @p323='?' (Size = 4000), @p324='?' (DbType = Boolean), @p325='?' (DbType = Boolean), @p326='?' (DbType = Boolean), @p327='?' (DbType = Boolean), @p328='?' (DbType = DateTime2), @p329='?' (Size = 4000), @p330='?' (Size = 4000), @p331='?' (Size = 4000), @p332='?' (DbType = DateTime2), @p333='?' (DbType = Boolean), @p334='?' (DbType = Boolean), @p335='?' (Size = 4000), @p336='?' (DbType = Boolean), @p337='?' (DbType = Boolean), @p338='?' (Size = 4000), @p339='?' (DbType = Boolean), @p340='?' (DbType = Boolean), @p341='?' (DbType = Boolean), @p342='?' (DbType = Boolean), @p343='?' (DbType = DateTime2), @p344='?' (Size = 4000), @p345='?' (Size = 4000), @p346='?' (Size = 4000), @p347='?' (DbType = DateTime2), @p348='?' (DbType = Boolean), @p349='?' (DbType = Boolean), @p350='?' (Size = 4000), @p351='?' (DbType = Boolean), @p352='?' (DbType = Boolean), @p353='?' (Size = 4000), @p354='?' (DbType = Boolean), @p355='?' (DbType = Boolean), @p356='?' (DbType = Boolean), @p357='?' (DbType = Boolean), @p358='?' (DbType = DateTime2), @p359='?' (Size = 4000), @p360='?' (Size = 4000), @p361='?' (Size = 4000), @p362='?' (DbType = DateTime2), @p363='?' (DbType = Boolean), @p364='?' (DbType = Boolean), @p365='?' (Size = 4000), @p366='?' (DbType = Boolean), @p367='?' (DbType = Boolean), @p368='?' (Size = 4000), @p369='?' (DbType = Boolean), @p370='?' (DbType = Boolean), @p371='?' (DbType = Boolean), @p372='?' (DbType = Boolean), @p373='?' (DbType = DateTime2), @p374='?' (Size = 4000), @p375='?' (Size = 4000), @p376='?' (Size = 4000), @p377='?' (DbType = DateTime2), @p378='?' (DbType = Boolean), @p379='?' (DbType = Boolean), @p380='?' (Size = 4000), @p381='?' (DbType = Boolean), @p382='?' (DbType = Boolean), @p383='?' (Size = 4000), @p384='?' (DbType = Boolean), @p385='?' (DbType = Boolean), @p386='?' (DbType = Boolean), @p387='?' (DbType = Boolean), @p388='?' (DbType = DateTime2), @p389='?' (Size = 4000), @p390='?' (Size = 4000), @p391='?' (Size = 4000), @p392='?' (DbType = DateTime2), @p393='?' (DbType = Boolean), @p394='?' (DbType = Boolean), @p395='?' (Size = 4000), @p396='?' (DbType = Boolean), @p397='?' (DbType = Boolean), @p398='?' (Size = 4000), @p399='?' (DbType = Boolean), @p400='?' (DbType = Boolean), @p401='?' (DbType = Boolean), @p402='?' (DbType = Boolean), @p403='?' (DbType = DateTime2), @p404='?' (Size = 4000), @p405='?' (Size = 4000), @p406='?' (Size = 4000), @p407='?' (DbType = DateTime2), @p408='?' (DbType = Boolean), @p409='?' (DbType = Boolean), @p410='?' (Size = 4000), @p411='?' (DbType = Boolean), @p412='?' (DbType = Boolean), @p413='?' (Size = 4000), @p414='?' (DbType = Boolean), @p415='?' (DbType = Boolean), @p416='?' (DbType = Boolean), @p417='?' (DbType = Boolean), @p418='?' (DbType = DateTime2), @p419='?' (Size = 4000), @p420='?' (Size = 4000), @p421='?' (Size = 4000), @p422='?' (DbType = DateTime2), @p423='?' (DbType = Boolean), @p424='?' (DbType = Boolean), @p425='?' (Size = 4000), @p426='?' (DbType = Boolean), @p427='?' (DbType = Boolean), @p428='?' (Size = 4000), @p429='?' (DbType = Boolean), @p430='?' (DbType = Boolean), @p431='?' (DbType = Boolean), @p432='?' (DbType = Boolean), @p433='?' (DbType = DateTime2), @p434='?' (Size = 4000), @p435='?' (Size = 4000), @p436='?' (Size = 4000), @p437='?' (DbType = DateTime2), @p438='?' (DbType = Boolean), @p439='?' (DbType = Boolean), @p440='?' (Size = 4000), @p441='?' (DbType = Boolean), @p442='?' (DbType = Boolean), @p443='?' (Size = 4000), @p444='?' (DbType = Boolean), @p445='?' (DbType = Boolean), @p446='?' (DbType = Boolean), @p447='?' (DbType = Boolean), @p448='?' (DbType = DateTime2), @p449='?' (Size = 4000), @p450='?' (Size = 4000), @p451='?' (Size = 4000), @p452='?' (DbType = DateTime2), @p453='?' (DbType = Boolean), @p454='?' (DbType = Boolean), @p455='?' (Size = 4000), @p456='?' (DbType = Boolean), @p457='?' (DbType = Boolean), @p458='?' (Size = 4000), @p459='?' (DbType = Boolean), @p460='?' (DbType = Boolean), @p461='?' (DbType = Boolean), @p462='?' (DbType = Boolean), @p463='?' (DbType = DateTime2), @p464='?' (Size = 4000), @p465='?' (Size = 4000), @p466='?' (Size = 4000), @p467='?' (DbType = DateTime2), @p468='?' (DbType = Boolean), @p469='?' (DbType = Boolean), @p470='?' (Size = 4000), @p471='?' (DbType = Boolean), @p472='?' (DbType = Boolean), @p473='?' (Size = 4000), @p474='?' (DbType = Boolean), @p475='?' (DbType = Boolean), @p476='?' (DbType = Boolean), @p477='?' (DbType = Boolean), @p478='?' (DbType = DateTime2), @p479='?' (Size = 4000), @p480='?' (Size = 4000), @p481='?' (Size = 4000), @p482='?' (DbType = DateTime2), @p483='?' (DbType = Boolean), @p484='?' (DbType = Boolean), @p485='?' (Size = 4000), @p486='?' (DbType = Boolean), @p487='?' (DbType = Boolean), @p488='?' (Size = 4000), @p489='?' (DbType = Boolean), @p490='?' (DbType = Boolean), @p491='?' (DbType = Boolean), @p492='?' (DbType = Boolean), @p493='?' (DbType = DateTime2), @p494='?' (Size = 4000), @p495='?' (Size = 4000), @p496='?' (Size = 4000), @p497='?' (DbType = DateTime2), @p498='?' (DbType = Boolean), @p499='?' (DbType = Boolean), @p500='?' (Size = 4000), @p501='?' (DbType = Boolean), @p502='?' (DbType = Boolean), @p503='?' (Size = 4000), @p504='?' (DbType = Boolean), @p505='?' (DbType = Boolean), @p506='?' (DbType = Boolean), @p507='?' (DbType = Boolean), @p508='?' (DbType = DateTime2), @p509='?' (Size = 4000), @p510='?' (Size = 4000), @p511='?' (Size = 4000), @p512='?' (DbType = DateTime2), @p513='?' (DbType = Boolean), @p514='?' (DbType = Boolean), @p515='?' (Size = 4000), @p516='?' (DbType = Boolean), @p517='?' (DbType = Boolean), @p518='?' (Size = 4000), @p519='?' (DbType = Boolean), @p520='?' (DbType = Boolean), @p521='?' (DbType = Boolean), @p522='?' (DbType = Boolean), @p523='?' (DbType = DateTime2), @p524='?' (Size = 4000), @p525='?' (Size = 4000), @p526='?' (Size = 4000), @p527='?' (DbType = DateTime2), @p528='?' (DbType = Boolean), @p529='?' (DbType = Boolean), @p530='?' (Size = 4000), @p531='?' (DbType = Boolean), @p532='?' (DbType = Boolean), @p533='?' (Size = 4000), @p534='?' (DbType = Boolean), @p535='?' (DbType = Boolean), @p536='?' (DbType = Boolean), @p537='?' (DbType = Boolean), @p538='?' (DbType = DateTime2), @p539='?' (Size = 4000), @p540='?' (Size = 4000), @p541='?' (Size = 4000), @p542='?' (DbType = DateTime2), @p543='?' (DbType = Boolean), @p544='?' (DbType = Boolean), @p545='?' (Size = 4000), @p546='?' (DbType = Boolean), @p547='?' (DbType = Boolean), @p548='?' (Size = 4000), @p549='?' (DbType = Boolean), @p550='?' (DbType = Boolean), @p551='?' (DbType = Boolean), @p552='?' (DbType = Boolean), @p553='?' (DbType = DateTime2), @p554='?' (Size = 4000), @p555='?' (Size = 4000), @p556='?' (Size = 4000), @p557='?' (DbType = DateTime2), @p558='?' (DbType = Boolean), @p559='?' (DbType = Boolean), @p560='?' (Size = 4000), @p561='?' (DbType = Boolean), @p562='?' (DbType = Boolean), @p563='?' (Size = 4000), @p564='?' (DbType = Boolean), @p565='?' (DbType = Boolean), @p566='?' (DbType = Boolean), @p567='?' (DbType = Boolean), @p568='?' (DbType = DateTime2), @p569='?' (Size = 4000)], CommandType='Text', CommandTimeout='30']
SET IMPLICIT_TRANSACTIONS OFF;
SET NOCOUNT ON;
MERGE [Help] USING (
VALUES (@p0, @p1, @p2, @p3, @p4, @p5, @p6, @p7, @p8, @p9, @p10, @p11, @p12, @p13, @p14, 0),
(@p15, @p16, @p17, @p18, @p19, @p20, @p21, @p22, @p23, @p24, @p25, @p26, @p27, @p28, @p29, 1),
(@p30, @p31, @p32, @p33, @p34, @p35, @p36, @p37, @p38, @p39, @p40, @p41, @p42, @p43, @p44, 2),
(@p45, @p46, @p47, @p48, @p49, @p50, @p51, @p52, @p53, @p54, @p55, @p56, @p57, @p58, @p59, 3),
(@p60, @p61, @p62, @p63, @p64, @p65, @p66, @p67, @p68, @p69, @p70, @p71, @p72, @p73, @p74, 4),
(@p75, @p76, @p77, @p78, @p79, @p80, @p81, @p82, @p83, @p84, @p85, @p86, @p87, @p88, @p89, 5),
(@p90, @p91, @p92, @p93, @p94, @p95, @p96, @p97, @p98, @p99, @p100, @p101, @p102, @p103, @p104, 6),
(@p105, @p106, @p107, @p108, @p109, @p110, @p111, @p112, @p113, @p114, @p115, @p116, @p117, @p118, @p119, 7),
(@p120, @p121, @p122, @p123, @p124, @p125, @p126, @p127, @p128, @p129, @p130, @p131, @p132, @p133, @p134, 8),
(@p135, @p136, @p137, @p138, @p139, @p140, @p141, @p142, @p143, @p144, @p145, @p146, @p147, @p148, @p149, 9),
(@p150, @p151, @p152, @p153, @p154, @p155, @p156, @p157, @p158, @p159, @p160, @p161, @p162, @p163, @p164, 10),
(@p165, @p166, @p167, @p168, @p169, @p170, @p171, @p172, @p173, @p174, @p175, @p176, @p177, @p178, @p179, 11),
(@p180, @p181, @p182, @p183, @p184, @p185, @p186, @p187, @p188, @p189, @p190, @p191, @p192, @p193, @p194, 12),
(@p195, @p196, @p197, @p198, @p199, @p200, @p201, @p202, @p203, @p204, @p205, @p206, @p207, @p208, @p209, 13),
(@p210, @p211, @p212, @p213, @p214, @p215, @p216, @p217, @p218, @p219, @p220, @p221, @p222, @p223, @p224, 14),
(@p225, @p226, @p227, @p228, @p229, @p230, @p231, @p232, @p233, @p234, @p235, @p236, @p237, @p238, @p239, 15),
(@p240, @p241, @p242, @p243, @p244, @p245, @p246, @p247, @p248, @p249, @p250, @p251, @p252, @p253, @p254, 16),
(@p255, @p256, @p257, @p258, @p259, @p260, @p261, @p262, @p263, @p264, @p265, @p266, @p267, @p268, @p269, 17),
(@p270, @p271, @p272, @p273, @p274, @p275, @p276, @p277, @p278, @p279, @p280, @p281, @p282, @p283, @p284, 18),
(@p285, @p286, @p287, @p288, @p289, @p290, @p291, @p292, @p293, @p294, @p295, @p296, @p297, @p298, @p299, 19),
(@p300, @p301, @p302, @p303, @p304, @p305, @p306, @p307, @p308, @p309, @p310, @p311, @p312, @p313, @p314, 20),
(@p315, @p316, @p317, @p318, @p319, @p320, @p321, @p322, @p323, @p324, @p325, @p326, @p327, @p328, @p329, 21),
(@p330, @p331, @p332, @p333, @p334, @p335, @p336, @p337, @p338, @p339, @p340, @p341, @p342, @p343, @p344, 22),
(@p345, @p346, @p347, @p348, @p349, @p350, @p351, @p352, @p353, @p354, @p355, @p356, @p357, @p358, @p359, 23),
(@p360, @p361, @p362, @p363, @p364, @p365, @p366, @p367, @p368, @p369, @p370, @p371, @p372, @p373, @p374, 24),
(@p375, @p376, @p377, @p378, @p379, @p380, @p381, @p382, @p383, @p384, @p385, @p386, @p387, @p388, @p389, 25),
(@p390, @p391, @p392, @p393, @p394, @p395, @p396, @p397, @p398, @p399, @p400, @p401, @p402, @p403, @p404, 26),
(@p405, @p406, @p407, @p408, @p409, @p410, @p411, @p412, @p413, @p414, @p415, @p416, @p417, @p418, @p419, 27),
(@p420, @p421, @p422, @p423, @p424, @p425, @p426, @p427, @p428, @p429, @p430, @p431, @p432, @p433, @p434, 28),
(@p435, @p436, @p437, @p438, @p439, @p440, @p441, @p442, @p443, @p444, @p445, @p446, @p447, @p448, @p449, 29),
(@p450, @p451, @p452, @p453, @p454, @p455, @p456, @p457, @p458, @p459, @p460, @p461, @p462, @p463, @p464, 30),
(@p465, @p466, @p467, @p468, @p469, @p470, @p471, @p472, @p473, @p474, @p475, @p476, @p477, @p478, @p479, 31),
(@p480, @p481, @p482, @p483, @p484, @p485, @p486, @p487, @p488, @p489, @p490, @p491, @p492, @p493, @p494, 32),
(@p495, @p496, @p497, @p498, @p499, @p500, @p501, @p502, @p503, @p504, @p505, @p506, @p507, @p508, @p509, 33),
(@p510, @p511, @p512, @p513, @p514, @p515, @p516, @p517, @p518, @p519, @p520, @p521, @p522, @p523, @p524, 34),
(@p525, @p526, @p527, @p528, @p529, @p530, @p531, @p532, @p533, @p534, @p535, @p536, @p537, @p538, @p539, 35),
(@p540, @p541, @p542, @p543, @p544, @p545, @p546, @p547, @p548, @p549, @p550, @p551, @p552, @p553, @p554, 36),
(@p555, @p556, @p557, @p558, @p559, @p560, @p561, @p562, @p563, @p564, @p565, @p566, @p567, @p568, @p569, 37)) AS i ([Author], [AuthorName], [CreatedDate], [CustomerViewed], [CustomerWasRecentResponse], [Description], [EmployeeViewed], [EmployeeWasRecentResponse], [ImageName], [IsApproved], [IsCompleted], [IsPending], [IsRejected], [ModifiedDate], [Title], _Position) ON 1=0
WHEN NOT MATCHED THEN
INSERT ([Author], [AuthorName], [CreatedDate], [CustomerViewed], [CustomerWasRecentResponse], [Description], [EmployeeViewed], [EmployeeWasRecentResponse], [ImageName], [IsApproved], [IsCompleted], [IsPending], [IsRejected], [ModifiedDate], [Title])
VALUES (i.[Author], i.[AuthorName], i.[CreatedDate], i.[CustomerViewed], i.[CustomerWasRecentResponse], i.[Description], i.[EmployeeViewed], i.[EmployeeWasRecentResponse], i.[ImageName], i.[IsApproved], i.[IsCompleted], i.[IsPending], i.[IsRejected], i.[ModifiedDate], i.[Title])
OUTPUT INSERTED.[Id], i._Position;
